{"/home/travis/build/npmtest/node-npmtest-systemjs/test.js":{"path":"/home/travis/build/npmtest/node-npmtest-systemjs/test.js","s":{"1":2,"2":2,"3":2,"4":2,"5":2,"6":2,"7":2,"8":1,"9":2,"10":2,"11":1,"12":1,"13":1,"14":1,"15":2,"16":2,"17":2,"18":2,"19":1,"20":1,"21":2,"22":2,"23":2,"24":1,"25":1,"26":1,"27":1,"28":1,"29":1,"30":1,"31":1,"32":1,"33":1,"34":1,"35":1,"36":1,"37":1,"38":1,"39":2,"40":2,"41":1,"42":2,"43":2,"44":1,"45":2,"46":2,"47":1,"48":2,"49":2,"50":1,"51":1,"52":1,"53":1,"54":1},"b":{"1":[2,1,1,1],"2":[1,1,1,1],"3":[1,1],"4":[1,1],"5":[1,1],"6":[1,1],"7":[1,1],"8":[1,1],"9":[1,1],"10":[1,1,1],"11":[1,1],"12":[1,1],"13":[1,1],"14":[1,1],"15":[1,1],"16":[1,1],"17":[1,1]},"f":{"1":2,"2":2,"3":2,"4":2,"5":2,"6":1,"7":1,"8":1,"9":2,"10":2,"11":2,"12":2,"13":1},"fnMap":{"1":{"name":"(anonymous_1)","line":12,"loc":{"start":{"line":12,"column":1},"end":{"line":12,"column":13}}},"2":{"name":"(anonymous_2)","line":19,"loc":{"start":{"line":19,"column":5},"end":{"line":19,"column":17}}},"3":{"name":"(anonymous_3)","line":23,"loc":{"start":{"line":23,"column":24},"end":{"line":23,"column":36}}},"4":{"name":"(anonymous_4)","line":61,"loc":{"start":{"line":61,"column":5},"end":{"line":61,"column":17}}},"5":{"name":"(anonymous_5)","line":82,"loc":{"start":{"line":82,"column":5},"end":{"line":82,"column":17}}},"6":{"name":"(anonymous_6)","line":91,"loc":{"start":{"line":91,"column":77},"end":{"line":94,"column":10}}},"7":{"name":"(anonymous_7)","line":112,"loc":{"start":{"line":112,"column":83},"end":{"line":115,"column":10}},"skip":true},"8":{"name":"(anonymous_8)","line":123,"loc":{"start":{"line":123,"column":77},"end":{"line":126,"column":10}},"skip":true},"9":{"name":"(anonymous_9)","line":139,"loc":{"start":{"line":139,"column":12},"end":{"line":139,"column":40}},"skip":true},"10":{"name":"(anonymous_10)","line":147,"loc":{"start":{"line":147,"column":77},"end":{"line":150,"column":10}},"skip":true},"11":{"name":"(anonymous_11)","line":158,"loc":{"start":{"line":158,"column":83},"end":{"line":161,"column":10}},"skip":true},"12":{"name":"(anonymous_12)","line":169,"loc":{"start":{"line":169,"column":79},"end":{"line":172,"column":10}},"skip":true},"13":{"name":"(anonymous_13)","line":180,"loc":{"start":{"line":180,"column":75},"end":{"line":183,"column":10}},"skip":true}},"statementMap":{"1":{"start":{"line":12,"column":0},"end":{"line":195,"column":5}},"2":{"start":{"line":14,"column":4},"end":{"line":14,"column":14}},"3":{"start":{"line":19,"column":4},"end":{"line":56,"column":9}},"4":{"start":{"line":21,"column":8},"end":{"line":21,"column":19}},"5":{"start":{"line":23,"column":8},"end":{"line":35,"column":13}},"6":{"start":{"line":24,"column":12},"end":{"line":34,"column":13}},"7":{"start":{"line":25,"column":16},"end":{"line":28,"column":30}},"8":{"start":{"line":30,"column":16},"end":{"line":33,"column":27}},"9":{"start":{"line":37,"column":8},"end":{"line":39,"column":21}},"10":{"start":{"line":40,"column":8},"end":{"line":53,"column":9}},"11":{"start":{"line":43,"column":12},"end":{"line":46,"column":14}},"12":{"start":{"line":47,"column":12},"end":{"line":47,"column":18}},"13":{"start":{"line":50,"column":12},"end":{"line":51,"column":46}},"14":{"start":{"line":52,"column":12},"end":{"line":52,"column":18}},"15":{"start":{"line":55,"column":8},"end":{"line":55,"column":35}},"16":{"start":{"line":61,"column":4},"end":{"line":63,"column":9}},"17":{"start":{"line":62,"column":8},"end":{"line":62,"column":15}},"18":{"start":{"line":64,"column":4},"end":{"line":77,"column":5}},"19":{"start":{"line":70,"column":8},"end":{"line":70,"column":14}},"20":{"start":{"line":76,"column":8},"end":{"line":76,"column":14}},"21":{"start":{"line":82,"column":4},"end":{"line":84,"column":9}},"22":{"start":{"line":83,"column":8},"end":{"line":83,"column":15}},"23":{"start":{"line":85,"column":4},"end":{"line":194,"column":5}},"24":{"start":{"line":91,"column":8},"end":{"line":99,"column":10}},"25":{"start":{"line":98,"column":12},"end":{"line":98,"column":35}},"26":{"start":{"line":102,"column":8},"end":{"line":104,"column":63}},"27":{"start":{"line":105,"column":8},"end":{"line":105,"column":14}},"28":{"start":{"line":112,"column":8},"end":{"line":121,"column":10},"skip":true},"29":{"start":{"line":119,"column":12},"end":{"line":119,"column":55},"skip":true},"30":{"start":{"line":120,"column":12},"end":{"line":120,"column":48},"skip":true},"31":{"start":{"line":123,"column":8},"end":{"line":136,"column":10},"skip":true},"32":{"start":{"line":130,"column":12},"end":{"line":130,"column":76},"skip":true},"33":{"start":{"line":131,"column":12},"end":{"line":131,"column":73},"skip":true},"34":{"start":{"line":132,"column":12},"end":{"line":132,"column":74},"skip":true},"35":{"start":{"line":133,"column":12},"end":{"line":133,"column":79},"skip":true},"36":{"start":{"line":134,"column":12},"end":{"line":134,"column":25},"skip":true},"37":{"start":{"line":135,"column":12},"end":{"line":135,"column":45},"skip":true},"38":{"start":{"line":138,"column":8},"end":{"line":145,"column":14},"skip":true},"39":{"start":{"line":143,"column":16},"end":{"line":143,"column":29},"skip":true},"40":{"start":{"line":144,"column":16},"end":{"line":144,"column":55},"skip":true},"41":{"start":{"line":147,"column":8},"end":{"line":156,"column":10},"skip":true},"42":{"start":{"line":154,"column":12},"end":{"line":154,"column":25},"skip":true},"43":{"start":{"line":155,"column":12},"end":{"line":155,"column":45},"skip":true},"44":{"start":{"line":158,"column":8},"end":{"line":167,"column":10},"skip":true},"45":{"start":{"line":165,"column":12},"end":{"line":165,"column":25},"skip":true},"46":{"start":{"line":166,"column":12},"end":{"line":166,"column":48},"skip":true},"47":{"start":{"line":169,"column":8},"end":{"line":178,"column":10},"skip":true},"48":{"start":{"line":176,"column":12},"end":{"line":176,"column":25},"skip":true},"49":{"start":{"line":177,"column":12},"end":{"line":177,"column":46},"skip":true},"50":{"start":{"line":180,"column":8},"end":{"line":189,"column":10},"skip":true},"51":{"start":{"line":187,"column":12},"end":{"line":187,"column":94},"skip":true},"52":{"start":{"line":188,"column":12},"end":{"line":188,"column":48},"skip":true},"53":{"start":{"line":192,"column":8},"end":{"line":192,"column":35},"skip":true},"54":{"start":{"line":193,"column":8},"end":{"line":193,"column":14},"skip":true}},"branchMap":{"1":{"line":25,"type":"binary-expr","locations":[{"start":{"line":25,"column":23},"end":{"line":25,"column":62}},{"start":{"line":26,"column":20},"end":{"line":26,"column":70}},{"start":{"line":27,"column":20},"end":{"line":27,"column":71}},{"start":{"line":28,"column":20},"end":{"line":28,"column":29}}]},"2":{"line":30,"type":"binary-expr","locations":[{"start":{"line":30,"column":23},"end":{"line":30,"column":37}},{"start":{"line":31,"column":20},"end":{"line":31,"column":61}},{"start":{"line":32,"column":20},"end":{"line":32,"column":70}},{"start":{"line":33,"column":20},"end":{"line":33,"column":26}}]},"3":{"line":37,"type":"cond-expr","locations":[{"start":{"line":38,"column":14},"end":{"line":38,"column":20}},{"start":{"line":39,"column":14},"end":{"line":39,"column":20}}]},"4":{"line":40,"type":"switch","locations":[{"start":{"line":42,"column":8},"end":{"line":47,"column":18}},{"start":{"line":49,"column":8},"end":{"line":52,"column":18}}]},"5":{"line":44,"type":"binary-expr","locations":[{"start":{"line":44,"column":16},"end":{"line":44,"column":44}},{"start":{"line":44,"column":48},"end":{"line":44,"column":66}}]},"6":{"line":50,"type":"binary-expr","locations":[{"start":{"line":50,"column":21},"end":{"line":50,"column":49}},{"start":{"line":50,"column":53},"end":{"line":50,"column":72}}]},"7":{"line":64,"type":"switch","locations":[{"start":{"line":69,"column":4},"end":{"line":70,"column":14}},{"start":{"line":75,"column":4},"end":{"line":76,"column":14}}]},"8":{"line":85,"type":"switch","locations":[{"start":{"line":90,"column":4},"end":{"line":105,"column":14}},{"start":{"line":111,"column":4},"end":{"line":193,"column":14},"skip":true}]},"9":{"line":91,"type":"binary-expr","locations":[{"start":{"line":91,"column":42},"end":{"line":91,"column":73}},{"start":{"line":91,"column":77},"end":{"line":99,"column":9}}]},"10":{"line":102,"type":"binary-expr","locations":[{"start":{"line":102,"column":18},"end":{"line":102,"column":32}},{"start":{"line":103,"column":12},"end":{"line":103,"column":53}},{"start":{"line":104,"column":12},"end":{"line":104,"column":61}}]},"11":{"line":112,"type":"binary-expr","locations":[{"start":{"line":112,"column":45},"end":{"line":112,"column":79},"skip":true},{"start":{"line":112,"column":83},"end":{"line":121,"column":9},"skip":true}]},"12":{"line":123,"type":"binary-expr","locations":[{"start":{"line":123,"column":42},"end":{"line":123,"column":73},"skip":true},{"start":{"line":123,"column":77},"end":{"line":136,"column":9},"skip":true}]},"13":{"line":138,"type":"binary-expr","locations":[{"start":{"line":138,"column":48},"end":{"line":138,"column":85},"skip":true},{"start":{"line":139,"column":12},"end":{"line":145,"column":13},"skip":true}]},"14":{"line":147,"type":"binary-expr","locations":[{"start":{"line":147,"column":42},"end":{"line":147,"column":73},"skip":true},{"start":{"line":147,"column":77},"end":{"line":156,"column":9},"skip":true}]},"15":{"line":158,"type":"binary-expr","locations":[{"start":{"line":158,"column":45},"end":{"line":158,"column":79},"skip":true},{"start":{"line":158,"column":83},"end":{"line":167,"column":9},"skip":true}]},"16":{"line":169,"type":"binary-expr","locations":[{"start":{"line":169,"column":43},"end":{"line":169,"column":75},"skip":true},{"start":{"line":169,"column":79},"end":{"line":178,"column":9},"skip":true}]},"17":{"line":180,"type":"binary-expr","locations":[{"start":{"line":180,"column":41},"end":{"line":180,"column":71},"skip":true},{"start":{"line":180,"column":75},"end":{"line":189,"column":9},"skip":true}]}},"code":["/* istanbul instrument in package npmtest_systemjs */","/*jslint","    bitwise: true,","    browser: true,","    maxerr: 8,","    maxlen: 96,","    node: true,","    nomen: true,","    regexp: true,","    stupid: true","*/","(function () {","    'use strict';","    var local;","","","","    // run shared js-env code - pre-init","    (function () {","        // init local","        local = {};","        // init modeJs","        local.modeJs = (function () {","            try {","                return typeof navigator.userAgent === 'string' &&","                    typeof document.querySelector('body') === 'object' &&","                    typeof XMLHttpRequest.prototype.open === 'function' &&","                    'browser';","            } catch (errorCaughtBrowser) {","                return module.exports &&","                    typeof process.versions.node === 'string' &&","                    typeof require('http').createServer === 'function' &&","                    'node';","            }","        }());","        // init global","        local.global = local.modeJs === 'browser'","            ? window","            : global;","        switch (local.modeJs) {","        // re-init local from window.local","        case 'browser':","            local = local.global.utility2.objectSetDefault(","                local.global.utility2_rollup || local.global.local,","                local.global.utility2","            );","            break;","        // re-init local from example.js","        case 'node':","            local = (local.global.utility2_rollup || require('utility2'))","                .requireExampleJsFromReadme();","            break;","        }","        // export local","        local.global.local = local;","    }());","","","","    // run shared js-env code - function","    (function () {","        return;","    }());","    switch (local.modeJs) {","","","","    // run browser js-env code - function","    case 'browser':","        break;","","","","    // run node js-env code - function","    case 'node':","        break;","    }","","","","    // run shared js-env code - post-init","    (function () {","        return;","    }());","    switch (local.modeJs) {","","","","    // run browser js-env code - post-init","    case 'browser':","        local.testCase_browser_nullCase = local.testCase_browser_nullCase || function (","            options,","            onError","        ) {","        /*","         * this function will test browsers's null-case handling-behavior-behavior","         */","            onError(null, options);","        };","","        // run tests","        local.nop(local.modeTest &&","            document.querySelector('#testRunButton1') &&","            document.querySelector('#testRunButton1').click());","        break;","","","","    // run node js-env code - post-init","    /* istanbul ignore next */","    case 'node':","        local.testCase_buildApidoc_default = local.testCase_buildApidoc_default || function (","            options,","            onError","        ) {","        /*","         * this function will test buildApidoc's default handling-behavior-behavior","         */","            options = { modulePathList: module.paths };","            local.buildApidoc(options, onError);","        };","","        local.testCase_buildApp_default = local.testCase_buildApp_default || function (","            options,","            onError","        ) {","        /*","         * this function will test buildApp's default handling-behavior-behavior","         */","            local.testCase_buildReadme_default(options, local.onErrorThrow);","            local.testCase_buildLib_default(options, local.onErrorThrow);","            local.testCase_buildTest_default(options, local.onErrorThrow);","            local.testCase_buildCustomOrg_default(options, local.onErrorThrow);","            options = [];","            local.buildApp(options, onError);","        };","","        local.testCase_buildCustomOrg_default = local.testCase_buildCustomOrg_default ||","            function (options, onError) {","            /*","             * this function will test buildCustomOrg's default handling-behavior","             */","                options = {};","                local.buildCustomOrg(options, onError);","            };","","        local.testCase_buildLib_default = local.testCase_buildLib_default || function (","            options,","            onError","        ) {","        /*","         * this function will test buildLib's default handling-behavior","         */","            options = {};","            local.buildLib(options, onError);","        };","","        local.testCase_buildReadme_default = local.testCase_buildReadme_default || function (","            options,","            onError","        ) {","        /*","         * this function will test buildReadme's default handling-behavior-behavior","         */","            options = {};","            local.buildReadme(options, onError);","        };","","        local.testCase_buildTest_default = local.testCase_buildTest_default || function (","            options,","            onError","        ) {","        /*","         * this function will test buildTest's default handling-behavior","         */","            options = {};","            local.buildTest(options, onError);","        };","","        local.testCase_webpage_default = local.testCase_webpage_default || function (","            options,","            onError","        ) {","        /*","         * this function will test webpage's default handling-behavior","         */","            options = { modeCoverageMerge: true, url: local.serverLocalHost + '?modeTest=1' };","            local.browserTest(options, onError);","        };","","        // run test-server","        local.testRunServer(local);","        break;","    }","}());",""],"l":{"12":2,"14":2,"19":2,"21":2,"23":2,"24":2,"25":2,"30":1,"37":2,"40":2,"43":1,"47":1,"50":1,"52":1,"55":2,"61":2,"62":2,"64":2,"70":1,"76":1,"82":2,"83":2,"85":2,"91":1,"98":1,"102":1,"105":1,"112":1,"119":1,"120":1,"123":1,"130":1,"131":1,"132":1,"133":1,"134":1,"135":1,"138":1,"143":2,"144":2,"147":1,"154":2,"155":2,"158":1,"165":2,"166":2,"169":1,"176":2,"177":2,"180":1,"187":1,"188":1,"192":1,"193":1}},"/home/travis/build/npmtest/node-npmtest-systemjs/lib.npmtest_systemjs.js":{"path":"/home/travis/build/npmtest/node-npmtest-systemjs/lib.npmtest_systemjs.js","s":{"1":2,"2":2,"3":2,"4":2,"5":2,"6":2,"7":2,"8":1,"9":2,"10":2,"11":2,"12":2,"13":1,"14":1,"15":1,"16":1},"b":{"1":[2,1,1,1],"2":[1,1,1,1],"3":[1,1],"4":[2,2],"5":[1,1]},"f":{"1":2,"2":2,"3":2},"fnMap":{"1":{"name":"(anonymous_1)","line":12,"loc":{"start":{"line":12,"column":1},"end":{"line":12,"column":13}}},"2":{"name":"(anonymous_2)","line":19,"loc":{"start":{"line":19,"column":5},"end":{"line":19,"column":17}}},"3":{"name":"(anonymous_3)","line":23,"loc":{"start":{"line":23,"column":24},"end":{"line":23,"column":36}}}},"statementMap":{"1":{"start":{"line":12,"column":0},"end":{"line":53,"column":5}},"2":{"start":{"line":14,"column":4},"end":{"line":14,"column":14}},"3":{"start":{"line":19,"column":4},"end":{"line":52,"column":9}},"4":{"start":{"line":21,"column":8},"end":{"line":21,"column":19}},"5":{"start":{"line":23,"column":8},"end":{"line":35,"column":13}},"6":{"start":{"line":24,"column":12},"end":{"line":34,"column":13}},"7":{"start":{"line":25,"column":16},"end":{"line":28,"column":30}},"8":{"start":{"line":30,"column":16},"end":{"line":33,"column":27}},"9":{"start":{"line":37,"column":8},"end":{"line":39,"column":21}},"10":{"start":{"line":41,"column":8},"end":{"line":41,"column":54}},"11":{"start":{"line":43,"column":8},"end":{"line":43,"column":53}},"12":{"start":{"line":45,"column":8},"end":{"line":51,"column":9}},"13":{"start":{"line":46,"column":12},"end":{"line":46,"column":59}},"14":{"start":{"line":48,"column":12},"end":{"line":48,"column":35}},"15":{"start":{"line":49,"column":12},"end":{"line":49,"column":49}},"16":{"start":{"line":50,"column":12},"end":{"line":50,"column":43}}},"branchMap":{"1":{"line":25,"type":"binary-expr","locations":[{"start":{"line":25,"column":23},"end":{"line":25,"column":62}},{"start":{"line":26,"column":20},"end":{"line":26,"column":70}},{"start":{"line":27,"column":20},"end":{"line":27,"column":71}},{"start":{"line":28,"column":20},"end":{"line":28,"column":29}}]},"2":{"line":30,"type":"binary-expr","locations":[{"start":{"line":30,"column":23},"end":{"line":30,"column":37}},{"start":{"line":31,"column":20},"end":{"line":31,"column":61}},{"start":{"line":32,"column":20},"end":{"line":32,"column":70}},{"start":{"line":33,"column":20},"end":{"line":33,"column":26}}]},"3":{"line":37,"type":"cond-expr","locations":[{"start":{"line":38,"column":14},"end":{"line":38,"column":20}},{"start":{"line":39,"column":14},"end":{"line":39,"column":20}}]},"4":{"line":41,"type":"binary-expr","locations":[{"start":{"line":41,"column":16},"end":{"line":41,"column":44}},{"start":{"line":41,"column":48},"end":{"line":41,"column":53}}]},"5":{"line":45,"type":"if","locations":[{"start":{"line":45,"column":8},"end":{"line":45,"column":8}},{"start":{"line":45,"column":8},"end":{"line":45,"column":8}}]}},"code":["/* istanbul instrument in package npmtest_systemjs */","/*jslint","    bitwise: true,","    browser: true,","    maxerr: 8,","    maxlen: 96,","    node: true,","    nomen: true,","    regexp: true,","    stupid: true","*/","(function () {","    'use strict';","    var local;","","","","    // run shared js-env code - pre-init","    (function () {","        // init local","        local = {};","        // init modeJs","        local.modeJs = (function () {","            try {","                return typeof navigator.userAgent === 'string' &&","                    typeof document.querySelector('body') === 'object' &&","                    typeof XMLHttpRequest.prototype.open === 'function' &&","                    'browser';","            } catch (errorCaughtBrowser) {","                return module.exports &&","                    typeof process.versions.node === 'string' &&","                    typeof require('http').createServer === 'function' &&","                    'node';","            }","        }());","        // init global","        local.global = local.modeJs === 'browser'","            ? window","            : global;","        // init utility2_rollup","        local = local.global.utility2_rollup || local;","        // init lib","        local.local = local.npmtest_systemjs = local;","        // init exports","        if (local.modeJs === 'browser') {","            local.global.utility2_npmtest_systemjs = local;","        } else {","            module.exports = local;","            module.exports.__dirname = __dirname;","            module.exports.module = module;","        }","    }());","}());",""],"l":{"12":2,"14":2,"19":2,"21":2,"23":2,"24":2,"25":2,"30":1,"37":2,"41":2,"43":2,"45":2,"46":1,"48":1,"49":1,"50":1}},"/home/travis/build/npmtest/node-npmtest-systemjs/example.js":{"path":"/home/travis/build/npmtest/node-npmtest-systemjs/example.js","s":{"1":2,"2":2,"3":2,"4":2,"5":2,"6":2,"7":2,"8":1,"9":2,"10":2,"11":2,"12":2,"13":1,"14":2,"15":2,"16":2,"17":2,"18":2,"19":0,"20":2,"21":1,"22":1,"23":1,"24":1,"25":1,"26":0,"27":0,"28":1,"29":1,"30":2,"31":0,"32":0,"33":0,"34":1,"35":2,"36":2,"37":3,"38":3,"39":3,"40":3,"41":0,"42":3,"43":3,"44":3,"45":1,"46":3,"47":1,"48":1,"49":1,"50":1,"51":1,"52":1,"53":1,"54":1,"55":1,"56":1,"57":0,"58":1,"59":6,"60":6,"61":1,"62":2,"63":0,"64":2,"65":1,"66":1,"67":0,"68":0,"69":0,"70":0,"71":0,"72":0,"73":0,"74":0,"75":0,"76":0,"77":0,"78":0,"79":0,"80":0,"81":0,"82":0,"83":0},"b":{"1":[2,1,1,1],"2":[1,1,1,1],"3":[1,1],"4":[2,2],"5":[1,1],"6":[1,1],"7":[2,0],"8":[2,1,1,1,1,1],"9":[0,2,0],"10":[1,1],"11":[2,1,1],"12":[1,0],"13":[0,2],"14":[2,0,0,0,0,0,0],"15":[0,3],"16":[3,0],"17":[1,1],"18":[0,1],"19":[1,2,0,2],"20":[1,0],"21":[1,1],"22":[0,0],"23":[0,0],"24":[0,0],"25":[0,0],"26":[0,0],"27":[0,0],"28":[0,0]},"f":{"1":2,"2":2,"3":2,"4":2,"5":2,"6":2,"7":3,"8":3,"9":3,"10":1,"11":6,"12":0},"fnMap":{"1":{"name":"(anonymous_1)","line":26,"loc":{"start":{"line":26,"column":1},"end":{"line":26,"column":13}}},"2":{"name":"(anonymous_2)","line":33,"loc":{"start":{"line":33,"column":5},"end":{"line":33,"column":17}}},"3":{"name":"(anonymous_3)","line":37,"loc":{"start":{"line":37,"column":24},"end":{"line":37,"column":36}}},"4":{"name":"(anonymous_4)","line":69,"loc":{"start":{"line":69,"column":31},"end":{"line":69,"column":48}},"skip":true},"5":{"name":"(anonymous_5)","line":78,"loc":{"start":{"line":78,"column":26},"end":{"line":78,"column":45}},"skip":true},"6":{"name":"(anonymous_6)","line":123,"loc":{"start":{"line":123,"column":33},"end":{"line":123,"column":48}},"skip":true},"7":{"name":"(anonymous_7)","line":125,"loc":{"start":{"line":125,"column":27},"end":{"line":125,"column":39}},"skip":true},"8":{"name":"(anonymous_8)","line":133,"loc":{"start":{"line":133,"column":59},"end":{"line":133,"column":74}},"skip":true},"9":{"name":"(anonymous_9)","line":143,"loc":{"start":{"line":143,"column":45},"end":{"line":143,"column":62}},"skip":true},"10":{"name":"(anonymous_10)","line":144,"loc":{"start":{"line":144,"column":73},"end":{"line":144,"column":92}},"skip":true},"11":{"name":"(anonymous_11)","line":272,"loc":{"start":{"line":272,"column":51},"end":{"line":272,"column":77}},"skip":true},"12":{"name":"(anonymous_12)","line":315,"loc":{"start":{"line":315,"column":32},"end":{"line":315,"column":61}},"skip":true}},"statementMap":{"1":{"start":{"line":26,"column":0},"end":{"line":326,"column":5}},"2":{"start":{"line":28,"column":4},"end":{"line":28,"column":14}},"3":{"start":{"line":33,"column":4},"end":{"line":60,"column":9}},"4":{"start":{"line":35,"column":8},"end":{"line":35,"column":19}},"5":{"start":{"line":37,"column":8},"end":{"line":49,"column":13}},"6":{"start":{"line":38,"column":12},"end":{"line":48,"column":13}},"7":{"start":{"line":39,"column":16},"end":{"line":42,"column":30}},"8":{"start":{"line":44,"column":16},"end":{"line":47,"column":27}},"9":{"start":{"line":51,"column":8},"end":{"line":53,"column":21}},"10":{"start":{"line":55,"column":8},"end":{"line":57,"column":45}},"11":{"start":{"line":59,"column":8},"end":{"line":59,"column":35}},"12":{"start":{"line":61,"column":4},"end":{"line":325,"column":5}},"13":{"start":{"line":69,"column":8},"end":{"line":121,"column":10},"skip":true},"14":{"start":{"line":70,"column":12},"end":{"line":88,"column":13},"skip":true},"15":{"start":{"line":76,"column":16},"end":{"line":87,"column":19},"skip":true},"16":{"start":{"line":79,"column":20},"end":{"line":86,"column":21},"skip":true},"17":{"start":{"line":82,"column":24},"end":{"line":82,"column":43},"skip":true},"18":{"start":{"line":83,"column":24},"end":{"line":83,"column":30},"skip":true},"19":{"start":{"line":85,"column":24},"end":{"line":85,"column":49},"skip":true},"20":{"start":{"line":89,"column":12},"end":{"line":107,"column":13},"skip":true},"21":{"start":{"line":92,"column":16},"end":{"line":102,"column":17},"skip":true},"22":{"start":{"line":93,"column":20},"end":{"line":93,"column":86},"skip":true},"23":{"start":{"line":94,"column":20},"end":{"line":95,"column":45},"skip":true},"24":{"start":{"line":96,"column":20},"end":{"line":96,"column":42},"skip":true},"25":{"start":{"line":97,"column":20},"end":{"line":97,"column":48},"skip":true},"26":{"start":{"line":100,"column":20},"end":{"line":100,"column":85},"skip":true},"27":{"start":{"line":101,"column":20},"end":{"line":101,"column":96},"skip":true},"28":{"start":{"line":103,"column":16},"end":{"line":103,"column":22},"skip":true},"29":{"start":{"line":106,"column":16},"end":{"line":106,"column":22},"skip":true},"30":{"start":{"line":108,"column":12},"end":{"line":120,"column":13},"skip":true},"31":{"start":{"line":114,"column":16},"end":{"line":119,"column":17},"skip":true},"32":{"start":{"line":116,"column":20},"end":{"line":116,"column":78},"skip":true},"33":{"start":{"line":118,"column":20},"end":{"line":118,"column":47},"skip":true},"34":{"start":{"line":123,"column":8},"end":{"line":141,"column":11},"skip":true},"35":{"start":{"line":124,"column":12},"end":{"line":124,"column":54},"skip":true},"36":{"start":{"line":125,"column":12},"end":{"line":140,"column":14},"skip":true},"37":{"start":{"line":126,"column":16},"end":{"line":126,"column":28},"skip":true},"38":{"start":{"line":127,"column":16},"end":{"line":127,"column":69},"skip":true},"39":{"start":{"line":128,"column":16},"end":{"line":128,"column":75},"skip":true},"40":{"start":{"line":129,"column":16},"end":{"line":131,"column":17},"skip":true},"41":{"start":{"line":130,"column":20},"end":{"line":130,"column":27},"skip":true},"42":{"start":{"line":133,"column":16},"end":{"line":137,"column":36},"skip":true},"43":{"start":{"line":134,"column":20},"end":{"line":136,"column":55},"skip":true},"44":{"start":{"line":139,"column":16},"end":{"line":139,"column":57},"skip":true},"45":{"start":{"line":143,"column":8},"end":{"line":147,"column":11},"skip":true},"46":{"start":{"line":144,"column":12},"end":{"line":146,"column":15},"skip":true},"47":{"start":{"line":145,"column":16},"end":{"line":145,"column":70},"skip":true},"48":{"start":{"line":149,"column":8},"end":{"line":149,"column":31},"skip":true},"49":{"start":{"line":150,"column":8},"end":{"line":150,"column":14},"skip":true},"50":{"start":{"line":158,"column":8},"end":{"line":158,"column":31},"skip":true},"51":{"start":{"line":160,"column":8},"end":{"line":160,"column":33},"skip":true},"52":{"start":{"line":161,"column":8},"end":{"line":161,"column":37},"skip":true},"53":{"start":{"line":162,"column":8},"end":{"line":162,"column":35},"skip":true},"54":{"start":{"line":164,"column":8},"end":{"line":164,"column":50},"skip":true},"55":{"start":{"line":166,"column":8},"end":{"line":256,"column":2},"skip":true},"56":{"start":{"line":258,"column":8},"end":{"line":286,"column":9},"skip":true},"57":{"start":{"line":259,"column":12},"end":{"line":269,"column":14},"skip":true},"58":{"start":{"line":271,"column":12},"end":{"line":285,"column":19},"skip":true},"59":{"start":{"line":274,"column":20},"end":{"line":274,"column":35},"skip":true},"60":{"start":{"line":275,"column":20},"end":{"line":284,"column":21},"skip":true},"61":{"start":{"line":277,"column":24},"end":{"line":277,"column":64},"skip":true},"62":{"start":{"line":279,"column":24},"end":{"line":279,"column":40},"skip":true},"63":{"start":{"line":281,"column":24},"end":{"line":281,"column":40},"skip":true},"64":{"start":{"line":283,"column":24},"end":{"line":283,"column":39},"skip":true},"65":{"start":{"line":288,"column":8},"end":{"line":290,"column":9},"skip":true},"66":{"start":{"line":289,"column":12},"end":{"line":289,"column":18},"skip":true},"67":{"start":{"line":291,"column":8},"end":{"line":293,"column":54},"skip":true},"68":{"start":{"line":296,"column":8},"end":{"line":301,"column":37},"skip":true},"69":{"start":{"line":303,"column":8},"end":{"line":303,"column":82},"skip":true},"70":{"start":{"line":306,"column":8},"end":{"line":308,"column":9},"skip":true},"71":{"start":{"line":307,"column":12},"end":{"line":307,"column":82},"skip":true},"72":{"start":{"line":310,"column":8},"end":{"line":312,"column":9},"skip":true},"73":{"start":{"line":311,"column":12},"end":{"line":311,"column":18},"skip":true},"74":{"start":{"line":313,"column":8},"end":{"line":313,"column":54},"skip":true},"75":{"start":{"line":314,"column":8},"end":{"line":314,"column":69},"skip":true},"76":{"start":{"line":315,"column":8},"end":{"line":323,"column":36},"skip":true},"77":{"start":{"line":316,"column":12},"end":{"line":316,"column":61},"skip":true},"78":{"start":{"line":317,"column":12},"end":{"line":320,"column":13},"skip":true},"79":{"start":{"line":318,"column":16},"end":{"line":318,"column":75},"skip":true},"80":{"start":{"line":319,"column":16},"end":{"line":319,"column":23},"skip":true},"81":{"start":{"line":321,"column":12},"end":{"line":321,"column":38},"skip":true},"82":{"start":{"line":322,"column":12},"end":{"line":322,"column":27},"skip":true},"83":{"start":{"line":324,"column":8},"end":{"line":324,"column":14},"skip":true}},"branchMap":{"1":{"line":39,"type":"binary-expr","locations":[{"start":{"line":39,"column":23},"end":{"line":39,"column":62}},{"start":{"line":40,"column":20},"end":{"line":40,"column":70}},{"start":{"line":41,"column":20},"end":{"line":41,"column":71}},{"start":{"line":42,"column":20},"end":{"line":42,"column":29}}]},"2":{"line":44,"type":"binary-expr","locations":[{"start":{"line":44,"column":23},"end":{"line":44,"column":37}},{"start":{"line":45,"column":20},"end":{"line":45,"column":61}},{"start":{"line":46,"column":20},"end":{"line":46,"column":70}},{"start":{"line":47,"column":20},"end":{"line":47,"column":26}}]},"3":{"line":51,"type":"cond-expr","locations":[{"start":{"line":52,"column":14},"end":{"line":52,"column":20}},{"start":{"line":53,"column":14},"end":{"line":53,"column":20}}]},"4":{"line":55,"type":"binary-expr","locations":[{"start":{"line":55,"column":16},"end":{"line":55,"column":44}},{"start":{"line":55,"column":49},"end":{"line":57,"column":43}}]},"5":{"line":55,"type":"cond-expr","locations":[{"start":{"line":56,"column":14},"end":{"line":56,"column":52}},{"start":{"line":57,"column":14},"end":{"line":57,"column":43}}]},"6":{"line":61,"type":"switch","locations":[{"start":{"line":68,"column":4},"end":{"line":150,"column":14},"skip":true},{"start":{"line":156,"column":4},"end":{"line":324,"column":14},"skip":true}]},"7":{"line":70,"type":"if","locations":[{"start":{"line":70,"column":12},"end":{"line":70,"column":12},"skip":true},{"start":{"line":70,"column":12},"end":{"line":70,"column":12},"skip":true}]},"8":{"line":70,"type":"binary-expr","locations":[{"start":{"line":70,"column":16},"end":{"line":70,"column":22},"skip":true},{"start":{"line":70,"column":27},"end":{"line":70,"column":32},"skip":true},{"start":{"line":71,"column":20},"end":{"line":71,"column":39},"skip":true},{"start":{"line":72,"column":20},"end":{"line":72,"column":49},"skip":true},{"start":{"line":73,"column":20},"end":{"line":73,"column":58},"skip":true},{"start":{"line":74,"column":20},"end":{"line":74,"column":69},"skip":true}]},"9":{"line":79,"type":"switch","locations":[{"start":{"line":80,"column":20},"end":{"line":80,"column":33},"skip":true},{"start":{"line":81,"column":20},"end":{"line":83,"column":30},"skip":true},{"start":{"line":84,"column":20},"end":{"line":85,"column":49},"skip":true}]},"10":{"line":89,"type":"switch","locations":[{"start":{"line":90,"column":12},"end":{"line":103,"column":22},"skip":true},{"start":{"line":105,"column":12},"end":{"line":106,"column":22},"skip":true}]},"11":{"line":89,"type":"binary-expr","locations":[{"start":{"line":89,"column":20},"end":{"line":89,"column":25},"skip":true},{"start":{"line":89,"column":29},"end":{"line":89,"column":48},"skip":true},{"start":{"line":89,"column":52},"end":{"line":89,"column":74},"skip":true}]},"12":{"line":92,"type":"if","locations":[{"start":{"line":92,"column":16},"end":{"line":92,"column":16},"skip":true},{"start":{"line":92,"column":16},"end":{"line":92,"column":16},"skip":true}]},"13":{"line":108,"type":"if","locations":[{"start":{"line":108,"column":12},"end":{"line":108,"column":12},"skip":true},{"start":{"line":108,"column":12},"end":{"line":108,"column":12},"skip":true}]},"14":{"line":108,"type":"binary-expr","locations":[{"start":{"line":108,"column":16},"end":{"line":108,"column":61},"skip":true},{"start":{"line":108,"column":66},"end":{"line":108,"column":72},"skip":true},{"start":{"line":108,"column":77},"end":{"line":108,"column":82},"skip":true},{"start":{"line":109,"column":20},"end":{"line":109,"column":39},"skip":true},{"start":{"line":110,"column":20},"end":{"line":110,"column":49},"skip":true},{"start":{"line":111,"column":20},"end":{"line":111,"column":58},"skip":true},{"start":{"line":112,"column":20},"end":{"line":112,"column":68},"skip":true}]},"15":{"line":129,"type":"if","locations":[{"start":{"line":129,"column":16},"end":{"line":129,"column":16},"skip":true},{"start":{"line":129,"column":16},"end":{"line":129,"column":16},"skip":true}]},"16":{"line":134,"type":"cond-expr","locations":[{"start":{"line":135,"column":26},"end":{"line":135,"column":29},"skip":true},{"start":{"line":136,"column":26},"end":{"line":136,"column":54},"skip":true}]},"17":{"line":164,"type":"binary-expr","locations":[{"start":{"line":164,"column":27},"end":{"line":164,"column":43},"skip":true},{"start":{"line":164,"column":47},"end":{"line":164,"column":49},"skip":true}]},"18":{"line":258,"type":"if","locations":[{"start":{"line":258,"column":8},"end":{"line":258,"column":8},"skip":true},{"start":{"line":258,"column":8},"end":{"line":258,"column":8},"skip":true}]},"19":{"line":275,"type":"switch","locations":[{"start":{"line":276,"column":20},"end":{"line":277,"column":64},"skip":true},{"start":{"line":278,"column":20},"end":{"line":279,"column":40},"skip":true},{"start":{"line":280,"column":20},"end":{"line":281,"column":40},"skip":true},{"start":{"line":282,"column":20},"end":{"line":283,"column":39},"skip":true}]},"20":{"line":288,"type":"if","locations":[{"start":{"line":288,"column":8},"end":{"line":288,"column":8},"skip":true},{"start":{"line":288,"column":8},"end":{"line":288,"column":8},"skip":true}]},"21":{"line":288,"type":"binary-expr","locations":[{"start":{"line":288,"column":12},"end":{"line":288,"column":40},"skip":true},{"start":{"line":288,"column":44},"end":{"line":288,"column":67},"skip":true}]},"22":{"line":292,"type":"binary-expr","locations":[{"start":{"line":292,"column":12},"end":{"line":292,"column":50},"skip":true},{"start":{"line":293,"column":12},"end":{"line":293,"column":53},"skip":true}]},"23":{"line":297,"type":"binary-expr","locations":[{"start":{"line":297,"column":12},"end":{"line":297,"column":66},"skip":true},{"start":{"line":298,"column":12},"end":{"line":301,"column":36},"skip":true}]},"24":{"line":303,"type":"binary-expr","locations":[{"start":{"line":303,"column":43},"end":{"line":303,"column":75},"skip":true},{"start":{"line":303,"column":79},"end":{"line":303,"column":81},"skip":true}]},"25":{"line":306,"type":"if","locations":[{"start":{"line":306,"column":8},"end":{"line":306,"column":8},"skip":true},{"start":{"line":306,"column":8},"end":{"line":306,"column":8},"skip":true}]},"26":{"line":310,"type":"if","locations":[{"start":{"line":310,"column":8},"end":{"line":310,"column":8},"skip":true},{"start":{"line":310,"column":8},"end":{"line":310,"column":8},"skip":true}]},"27":{"line":313,"type":"binary-expr","locations":[{"start":{"line":313,"column":27},"end":{"line":313,"column":43},"skip":true},{"start":{"line":313,"column":47},"end":{"line":313,"column":53},"skip":true}]},"28":{"line":317,"type":"if","locations":[{"start":{"line":317,"column":12},"end":{"line":317,"column":12},"skip":true},{"start":{"line":317,"column":12},"end":{"line":317,"column":12},"skip":true}]}},"code":["/*","example.js","","quickstart example","","instruction","    1. save this script as example.js","    2. run the shell command:","        $ npm install npmtest-systemjs && PORT=8081 node example.js","    3. play with the browser-demo on http://127.0.0.1:8081","*/","","","","/* istanbul instrument in package npmtest_systemjs */","/*jslint","    bitwise: true,","    browser: true,","    maxerr: 8,","    maxlen: 96,","    node: true,","    nomen: true,","    regexp: true,","    stupid: true","*/","(function () {","    'use strict';","    var local;","","","","    // run shared js-env code - pre-init","    (function () {","        // init local","        local = {};","        // init modeJs","        local.modeJs = (function () {","            try {","                return typeof navigator.userAgent === 'string' &&","                    typeof document.querySelector('body') === 'object' &&","                    typeof XMLHttpRequest.prototype.open === 'function' &&","                    'browser';","            } catch (errorCaughtBrowser) {","                return module.exports &&","                    typeof process.versions.node === 'string' &&","                    typeof require('http').createServer === 'function' &&","                    'node';","            }","        }());","        // init global","        local.global = local.modeJs === 'browser'","            ? window","            : global;","        // init utility2_rollup","        local = local.global.utility2_rollup || (local.modeJs === 'browser'","            ? local.global.utility2_npmtest_systemjs","            : global.utility2_moduleExports);","        // export local","        local.global.local = local;","    }());","    switch (local.modeJs) {","","","","    // post-init","    // run browser js-env code - post-init","    /* istanbul ignore next */","    case 'browser':","        local.testRunBrowser = function (event) {","            if (!event || (event &&","                    event.currentTarget &&","                    event.currentTarget.className &&","                    event.currentTarget.className.includes &&","                    event.currentTarget.className.includes('onreset'))) {","                // reset output","                Array.from(","                    document.querySelectorAll('body > .resettable')","                ).forEach(function (element) {","                    switch (element.tagName) {","                    case 'INPUT':","                    case 'TEXTAREA':","                        element.value = '';","                        break;","                    default:","                        element.textContent = '';","                    }","                });","            }","            switch (event && event.currentTarget && event.currentTarget.id) {","            case 'testRunButton1':","                // show tests","                if (document.querySelector('#testReportDiv1').style.display === 'none') {","                    document.querySelector('#testReportDiv1').style.display = 'block';","                    document.querySelector('#testRunButton1').textContent =","                        'hide internal test';","                    local.modeTest = true;","                    local.testRunDefault(local);","                // hide tests","                } else {","                    document.querySelector('#testReportDiv1').style.display = 'none';","                    document.querySelector('#testRunButton1').textContent = 'run internal test';","                }","                break;","            // custom-case","            default:","                break;","            }","            if (document.querySelector('#inputTextareaEval1') && (!event || (event &&","                    event.currentTarget &&","                    event.currentTarget.className &&","                    event.currentTarget.className.includes &&","                    event.currentTarget.className.includes('oneval')))) {","                // try to eval input-code","                try {","                    /*jslint evil: true*/","                    eval(document.querySelector('#inputTextareaEval1').value);","                } catch (errorCaught) {","                    console.error(errorCaught);","                }","            }","        };","        // log stderr and stdout to #outputTextareaStdout1","        ['error', 'log'].forEach(function (key) {","            console[key + '_original'] = console[key];","            console[key] = function () {","                var element;","                console[key + '_original'].apply(console, arguments);","                element = document.querySelector('#outputTextareaStdout1');","                if (!element) {","                    return;","                }","                // append text to #outputTextareaStdout1","                element.value += Array.from(arguments).map(function (arg) {","                    return typeof arg === 'string'","                        ? arg","                        : JSON.stringify(arg, null, 4);","                }).join(' ') + '\\n';","                // scroll textarea to bottom","                element.scrollTop = element.scrollHeight;","            };","        });","        // init event-handling","        ['change', 'click', 'keyup'].forEach(function (event) {","            Array.from(document.querySelectorAll('.on' + event)).forEach(function (element) {","                element.addEventListener(event, local.testRunBrowser);","            });","        });","        // run tests","        local.testRunBrowser();","        break;","","","","    // run node js-env code - post-init","    /* istanbul ignore next */","    case 'node':","        // export local","        module.exports = local;","        // require modules","        local.fs = require('fs');","        local.http = require('http');","        local.url = require('url');","        // init assets","        local.assetsDict = local.assetsDict || {};","        /* jslint-ignore-begin */","        local.assetsDict['/assets.index.template.html'] = '\\","<!doctype html>\\n\\","<html lang=\"en\">\\n\\","<head>\\n\\","<meta charset=\"UTF-8\">\\n\\","<meta name=\"viewport\" content=\"width=device-width, initial-scale=1\">\\n\\","<title>{{env.npm_package_name}} (v{{env.npm_package_version}})</title>\\n\\","<style>\\n\\","/*csslint\\n\\","    box-sizing: false,\\n\\","    universal-selector: false\\n\\","*/\\n\\","* {\\n\\","    box-sizing: border-box;\\n\\","}\\n\\","body {\\n\\","    background: #dde;\\n\\","    font-family: Arial, Helvetica, sans-serif;\\n\\","    margin: 2rem;\\n\\","}\\n\\","body > * {\\n\\","    margin-bottom: 1rem;\\n\\","}\\n\\",".utility2FooterDiv {\\n\\","    margin-top: 20px;\\n\\","    text-align: center;\\n\\","}\\n\\","</style>\\n\\","<style>\\n\\","/*csslint\\n\\","*/\\n\\","textarea {\\n\\","    font-family: monospace;\\n\\","    height: 10rem;\\n\\","    width: 100%;\\n\\","}\\n\\","textarea[readonly] {\\n\\","    background: #ddd;\\n\\","}\\n\\","</style>\\n\\","</head>\\n\\","<body>\\n\\","<!-- utility2-comment\\n\\","<div id=\"ajaxProgressDiv1\" style=\"background: #d00; height: 2px; left: 0; margin: 0; padding: 0; position: fixed; top: 0; transition: background 0.5s, width 1.5s; width: 25%;\"></div>\\n\\","utility2-comment -->\\n\\","<h1>\\n\\","<!-- utility2-comment\\n\\","    <a\\n\\","        {{#if env.npm_package_homepage}}\\n\\","        href=\"{{env.npm_package_homepage}}\"\\n\\","        {{/if env.npm_package_homepage}}\\n\\","        target=\"_blank\"\\n\\","    >\\n\\","utility2-comment -->\\n\\","        {{env.npm_package_name}} (v{{env.npm_package_version}})\\n\\","<!-- utility2-comment\\n\\","    </a>\\n\\","utility2-comment -->\\n\\","</h1>\\n\\","<h3>{{env.npm_package_description}}</h3>\\n\\","<!-- utility2-comment\\n\\","<h4><a download href=\"assets.app.js\">download standalone app</a></h4>\\n\\","<button class=\"onclick onreset\" id=\"testRunButton1\">run internal test</button><br>\\n\\","<div id=\"testReportDiv1\" style=\"display: none;\"></div>\\n\\","utility2-comment -->\\n\\","\\n\\","\\n\\","\\n\\","<label>stderr and stdout</label>\\n\\","<textarea class=\"resettable\" id=\"outputTextareaStdout1\" readonly></textarea>\\n\\","<!-- utility2-comment\\n\\","{{#if isRollup}}\\n\\","<script src=\"assets.app.js\"></script>\\n\\","{{#unless isRollup}}\\n\\","utility2-comment -->\\n\\","<script src=\"assets.utility2.rollup.js\"></script>\\n\\","<script src=\"jsonp.utility2._stateInit?callback=window.utility2._stateInit\"></script>\\n\\","<script src=\"assets.npmtest_systemjs.rollup.js\"></script>\\n\\","<script src=\"assets.example.js\"></script>\\n\\","<script src=\"assets.test.js\"></script>\\n\\","<!-- utility2-comment\\n\\","{{/if isRollup}}\\n\\","utility2-comment -->\\n\\","<div class=\"utility2FooterDiv\">\\n\\","    [ this app was created with\\n\\","    <a href=\"https://github.com/kaizhu256/node-utility2\" target=\"_blank\">utility2</a>\\n\\","    ]\\n\\","</div>\\n\\","</body>\\n\\","</html>\\n\\","';","        /* jslint-ignore-end */","        if (local.templateRender) {","            local.assetsDict['/'] = local.templateRender(","                local.assetsDict['/assets.index.template.html'],","                {","                    env: local.objectSetDefault(local.env, {","                        npm_package_description: 'the greatest app in the world!',","                        npm_package_name: 'my-app',","                        npm_package_nameAlias: 'my_app',","                        npm_package_version: '0.0.1'","                    })","                }","            );","        } else {","            local.assetsDict['/'] = local.assetsDict['/assets.index.template.html']","                .replace((/\\{\\{env\\.(\\w+?)\\}\\}/g), function (match0, match1) {","                    // jslint-hack","                    String(match0);","                    switch (match1) {","                    case 'npm_package_description':","                        return 'the greatest app in the world!';","                    case 'npm_package_name':","                        return 'my-app';","                    case 'npm_package_nameAlias':","                        return 'my_app';","                    case 'npm_package_version':","                        return '0.0.1';","                    }","                });","        }","        // run the cli","        if (local.global.utility2_rollup || module !== require.main) {","            break;","        }","        local.assetsDict['/assets.example.js'] =","            local.assetsDict['/assets.example.js'] ||","            local.fs.readFileSync(__filename, 'utf8');","        // bug-workaround - long $npm_package_buildCustomOrg","        /* jslint-ignore-begin */","        local.assetsDict['/assets.npmtest_systemjs.rollup.js'] =","            local.assetsDict['/assets.npmtest_systemjs.rollup.js'] ||","            local.fs.readFileSync(","                local.npmtest_systemjs.__dirname + '/lib.npmtest_systemjs.js',","                'utf8'","            ).replace((/^#!/), '//');","        /* jslint-ignore-end */","        local.assetsDict['/favicon.ico'] = local.assetsDict['/favicon.ico'] || '';","        // if $npm_config_timeout_exit exists,","        // then exit this process after $npm_config_timeout_exit ms","        if (Number(process.env.npm_config_timeout_exit)) {","            setTimeout(process.exit, Number(process.env.npm_config_timeout_exit));","        }","        // start server","        if (local.global.utility2_serverHttp1) {","            break;","        }","        process.env.PORT = process.env.PORT || '8081';","        console.error('server starting on port ' + process.env.PORT);","        local.http.createServer(function (request, response) {","            request.urlParsed = local.url.parse(request.url);","            if (local.assetsDict[request.urlParsed.pathname] !== undefined) {","                response.end(local.assetsDict[request.urlParsed.pathname]);","                return;","            }","            response.statusCode = 404;","            response.end();","        }).listen(process.env.PORT);","        break;","    }","}());",""],"l":{"26":2,"28":2,"33":2,"35":2,"37":2,"38":2,"39":2,"44":1,"51":2,"55":2,"59":2,"61":2,"69":1,"70":2,"76":2,"79":2,"82":2,"83":2,"85":1,"89":2,"92":1,"93":1,"94":1,"96":1,"97":1,"100":1,"101":1,"103":1,"106":1,"108":2,"114":1,"116":1,"118":1,"123":1,"124":2,"125":2,"126":3,"127":3,"128":3,"129":3,"130":1,"133":3,"134":3,"139":3,"143":1,"144":3,"145":1,"149":1,"150":1,"158":1,"160":1,"161":1,"162":1,"164":1,"166":1,"258":1,"259":1,"271":1,"274":6,"275":6,"277":1,"279":2,"281":1,"283":2,"288":1,"289":1,"291":1,"296":1,"303":1,"306":1,"307":1,"310":1,"311":1,"313":1,"314":1,"315":1,"316":1,"317":1,"318":1,"319":1,"321":1,"322":1,"324":1}},"/home/travis/build/npmtest/node-npmtest-systemjs/node_modules/systemjs/dist/system.src.js":{"path":"/home/travis/build/npmtest/node-npmtest-systemjs/node_modules/systemjs/dist/system.src.js","s":{"1":1,"2":1,"3":1,"4":1,"5":1,"6":1,"7":1,"8":8,"9":1,"10":1,"11":0,"12":0,"13":0,"14":0,"15":1,"16":0,"17":1,"18":0,"19":0,"20":0,"21":0,"22":1,"23":1,"24":1,"25":0,"26":0,"27":1,"28":1,"29":1,"30":1,"31":0,"32":0,"33":0,"34":0,"35":0,"36":0,"37":0,"38":0,"39":0,"40":0,"41":0,"42":0,"43":0,"44":1,"45":0,"46":1,"47":0,"48":0,"49":0,"50":0,"51":0,"52":0,"53":0,"54":0,"55":0,"56":0,"57":0,"58":0,"59":0,"60":0,"61":0,"62":0,"63":0,"64":0,"65":0,"66":0,"67":0,"68":0,"69":0,"70":0,"71":0,"72":0,"73":0,"74":0,"75":0,"76":0,"77":0,"78":0,"79":0,"80":0,"81":0,"82":0,"83":0,"84":0,"85":0,"86":0,"87":0,"88":0,"89":0,"90":0,"91":0,"92":0,"93":0,"94":0,"95":0,"96":0,"97":0,"98":0,"99":0,"100":0,"101":0,"102":0,"103":0,"104":1,"105":1,"106":0,"107":0,"108":0,"109":0,"110":0,"111":0,"112":0,"113":0,"114":0,"115":0,"116":0,"117":0,"118":0,"119":1,"120":1,"121":1,"122":1,"123":0,"124":0,"125":0,"126":1,"127":0,"128":0,"129":0,"130":0,"131":0,"132":0,"133":1,"134":1,"135":1,"136":0,"137":0,"138":0,"139":1,"140":0,"141":0,"142":0,"143":1,"144":0,"145":0,"146":0,"147":0,"148":1,"149":1,"150":1,"151":1,"152":1,"153":1,"154":1,"155":0,"156":1,"157":0,"158":0,"159":0,"160":1,"161":0,"162":1,"163":0,"164":0,"165":0,"166":1,"167":0,"168":1,"169":4,"170":0,"171":4,"172":4,"173":1,"174":0,"175":1,"176":0,"177":0,"178":0,"179":0,"180":1,"181":1,"182":4,"183":4,"184":1,"185":1,"186":1,"187":1,"188":9,"189":0,"190":1,"191":1,"192":1,"193":1,"194":1,"195":0,"196":0,"197":0,"198":0,"199":1,"200":1,"201":1,"202":1,"203":1,"204":1,"205":1,"206":0,"207":1,"208":1,"209":0,"210":1,"211":0,"212":0,"213":0,"214":0,"215":0,"216":0,"217":0,"218":0,"219":0,"220":0,"221":0,"222":0,"223":0,"224":0,"225":1,"226":0,"227":0,"228":0,"229":0,"230":0,"231":0,"232":0,"233":0,"234":0,"235":0,"236":0,"237":0,"238":0,"239":0,"240":0,"241":0,"242":0,"243":1,"244":0,"245":0,"246":0,"247":0,"248":0,"249":0,"250":0,"251":1,"252":0,"253":0,"254":0,"255":0,"256":0,"257":0,"258":0,"259":0,"260":0,"261":0,"262":0,"263":0,"264":0,"265":0,"266":0,"267":0,"268":0,"269":0,"270":0,"271":0,"272":0,"273":0,"274":0,"275":0,"276":0,"277":0,"278":0,"279":0,"280":0,"281":1,"282":0,"283":0,"284":0,"285":0,"286":0,"287":0,"288":0,"289":0,"290":0,"291":0,"292":0,"293":0,"294":0,"295":1,"296":0,"297":0,"298":1,"299":0,"300":1,"301":0,"302":0,"303":0,"304":0,"305":0,"306":0,"307":0,"308":0,"309":0,"310":0,"311":0,"312":0,"313":0,"314":0,"315":0,"316":0,"317":0,"318":0,"319":0,"320":0,"321":0,"322":0,"323":0,"324":0,"325":1,"326":0,"327":0,"328":0,"329":0,"330":0,"331":0,"332":0,"333":0,"334":0,"335":0,"336":0,"337":0,"338":0,"339":0,"340":0,"341":0,"342":0,"343":0,"344":0,"345":0,"346":0,"347":0,"348":0,"349":0,"350":0,"351":0,"352":0,"353":0,"354":0,"355":0,"356":0,"357":0,"358":0,"359":0,"360":0,"361":1,"362":0,"363":0,"364":0,"365":0,"366":0,"367":0,"368":0,"369":0,"370":0,"371":0,"372":0,"373":0,"374":0,"375":0,"376":0,"377":0,"378":0,"379":1,"380":0,"381":0,"382":0,"383":0,"384":0,"385":1,"386":0,"387":0,"388":0,"389":0,"390":0,"391":1,"392":0,"393":0,"394":1,"395":0,"396":0,"397":0,"398":1,"399":0,"400":0,"401":0,"402":0,"403":0,"404":0,"405":0,"406":0,"407":0,"408":0,"409":0,"410":1,"411":0,"412":0,"413":0,"414":0,"415":0,"416":0,"417":0,"418":0,"419":0,"420":0,"421":1,"422":0,"423":0,"424":0,"425":0,"426":0,"427":0,"428":0,"429":0,"430":0,"431":0,"432":0,"433":0,"434":0,"435":0,"436":0,"437":0,"438":0,"439":0,"440":0,"441":0,"442":0,"443":0,"444":0,"445":0,"446":0,"447":0,"448":0,"449":0,"450":0,"451":0,"452":0,"453":0,"454":0,"455":0,"456":0,"457":0,"458":0,"459":0,"460":0,"461":0,"462":0,"463":0,"464":0,"465":0,"466":1,"467":1,"468":1,"469":1,"470":0,"471":0,"472":0,"473":1,"474":0,"475":0,"476":0,"477":0,"478":0,"479":1,"480":1,"481":1,"482":1,"483":0,"484":0,"485":0,"486":0,"487":0,"488":1,"489":1,"490":0,"491":0,"492":0,"493":1,"494":1,"495":1,"496":1,"497":2,"498":0,"499":1,"500":0,"501":0,"502":0,"503":0,"504":0,"505":0,"506":0,"507":0,"508":0,"509":0,"510":0,"511":0,"512":0,"513":0,"514":0,"515":0,"516":0,"517":0,"518":0,"519":1,"520":1,"521":0,"522":0,"523":0,"524":0,"525":0,"526":0,"527":0,"528":0,"529":1,"530":0,"531":0,"532":0,"533":0,"534":0,"535":1,"536":0,"537":0,"538":0,"539":0,"540":0,"541":0,"542":1,"543":0,"544":0,"545":0,"546":0,"547":0,"548":0,"549":0,"550":0,"551":0,"552":0,"553":0,"554":0,"555":1,"556":1,"557":1,"558":0,"559":0,"560":0,"561":0,"562":0,"563":0,"564":1,"565":0,"566":0,"567":0,"568":0,"569":0,"570":0,"571":0,"572":0,"573":0,"574":0,"575":0,"576":0,"577":1,"578":0,"579":0,"580":0,"581":0,"582":1,"583":0,"584":0,"585":0,"586":0,"587":0,"588":0,"589":0,"590":0,"591":0,"592":0,"593":1,"594":0,"595":0,"596":0,"597":0,"598":0,"599":0,"600":0,"601":0,"602":0,"603":0,"604":0,"605":0,"606":0,"607":0,"608":0,"609":1,"610":0,"611":0,"612":1,"613":0,"614":0,"615":1,"616":0,"617":0,"618":0,"619":0,"620":0,"621":0,"622":0,"623":1,"624":0,"625":0,"626":0,"627":0,"628":1,"629":0,"630":0,"631":0,"632":0,"633":0,"634":0,"635":0,"636":0,"637":0,"638":0,"639":1,"640":0,"641":0,"642":0,"643":0,"644":0,"645":0,"646":1,"647":0,"648":0,"649":0,"650":0,"651":0,"652":1,"653":1,"654":0,"655":0,"656":0,"657":0,"658":0,"659":0,"660":0,"661":0,"662":0,"663":0,"664":0,"665":0,"666":0,"667":0,"668":0,"669":0,"670":1,"671":0,"672":0,"673":0,"674":0,"675":0,"676":1,"677":0,"678":1,"679":0,"680":0,"681":0,"682":0,"683":0,"684":0,"685":0,"686":0,"687":0,"688":0,"689":0,"690":0,"691":0,"692":0,"693":0,"694":0,"695":0,"696":0,"697":0,"698":1,"699":1,"700":0,"701":0,"702":0,"703":0,"704":0,"705":0,"706":0,"707":0,"708":0,"709":0,"710":0,"711":0,"712":0,"713":0,"714":0,"715":0,"716":1,"717":0,"718":1,"719":1,"720":1,"721":0,"722":1,"723":0,"724":1,"725":1,"726":0,"727":1,"728":1,"729":0,"730":1,"731":0,"732":0,"733":0,"734":0,"735":0,"736":0,"737":0,"738":0,"739":0,"740":0,"741":0,"742":0,"743":1,"744":0,"745":0,"746":0,"747":0,"748":0,"749":0,"750":0,"751":0,"752":0,"753":0,"754":0,"755":0,"756":0,"757":0,"758":0,"759":0,"760":0,"761":0,"762":0,"763":0,"764":0,"765":0,"766":0,"767":0,"768":0,"769":0,"770":0,"771":0,"772":0,"773":0,"774":0,"775":1,"776":0,"777":0,"778":0,"779":0,"780":0,"781":1,"782":0,"783":0,"784":0,"785":0,"786":0,"787":0,"788":0,"789":0,"790":1,"791":0,"792":0,"793":0,"794":0,"795":0,"796":0,"797":0,"798":0,"799":0,"800":0,"801":0,"802":0,"803":0,"804":0,"805":0,"806":0,"807":0,"808":0,"809":0,"810":1,"811":0,"812":0,"813":0,"814":0,"815":0,"816":0,"817":0,"818":0,"819":0,"820":0,"821":0,"822":0,"823":0,"824":0,"825":0,"826":0,"827":0,"828":0,"829":1,"830":0,"831":0,"832":0,"833":0,"834":0,"835":0,"836":0,"837":0,"838":0,"839":0,"840":0,"841":0,"842":0,"843":0,"844":0,"845":0,"846":0,"847":0,"848":0,"849":0,"850":0,"851":0,"852":0,"853":0,"854":0,"855":0,"856":1,"857":0,"858":1,"859":0,"860":0,"861":0,"862":0,"863":0,"864":0,"865":0,"866":0,"867":0,"868":0,"869":0,"870":0,"871":0,"872":0,"873":0,"874":0,"875":0,"876":0,"877":0,"878":0,"879":0,"880":0,"881":0,"882":0,"883":0,"884":0,"885":1,"886":0,"887":0,"888":0,"889":0,"890":0,"891":0,"892":0,"893":0,"894":0,"895":0,"896":0,"897":1,"898":0,"899":0,"900":0,"901":1,"902":0,"903":0,"904":0,"905":0,"906":0,"907":0,"908":0,"909":0,"910":0,"911":0,"912":0,"913":0,"914":0,"915":0,"916":0,"917":0,"918":0,"919":1,"920":0,"921":0,"922":0,"923":0,"924":0,"925":0,"926":0,"927":0,"928":0,"929":0,"930":0,"931":0,"932":0,"933":0,"934":0,"935":0,"936":1,"937":0,"938":0,"939":0,"940":1,"941":0,"942":0,"943":0,"944":0,"945":0,"946":0,"947":0,"948":0,"949":1,"950":0,"951":0,"952":0,"953":0,"954":0,"955":0,"956":0,"957":0,"958":0,"959":0,"960":0,"961":0,"962":0,"963":0,"964":0,"965":0,"966":1,"967":0,"968":0,"969":0,"970":0,"971":0,"972":0,"973":0,"974":0,"975":0,"976":0,"977":0,"978":0,"979":0,"980":0,"981":0,"982":0,"983":0,"984":0,"985":0,"986":0,"987":0,"988":0,"989":0,"990":0,"991":0,"992":1,"993":1,"994":0,"995":0,"996":0,"997":1,"998":0,"999":0,"1000":0,"1001":0,"1002":0,"1003":0,"1004":0,"1005":0,"1006":0,"1007":0,"1008":0,"1009":0,"1010":0,"1011":0,"1012":1,"1013":0,"1014":0,"1015":0,"1016":0,"1017":0,"1018":0,"1019":0,"1020":1,"1021":0,"1022":0,"1023":0,"1024":0,"1025":0,"1026":0,"1027":0,"1028":0,"1029":0,"1030":0,"1031":0,"1032":0,"1033":0,"1034":0,"1035":1,"1036":1,"1037":0,"1038":0,"1039":0,"1040":0,"1041":0,"1042":0,"1043":0,"1044":0,"1045":0,"1046":0,"1047":0,"1048":0,"1049":0,"1050":0,"1051":0,"1052":0,"1053":1,"1054":0,"1055":0,"1056":0,"1057":0,"1058":0,"1059":1,"1060":1,"1061":0,"1062":0,"1063":0,"1064":0,"1065":0,"1066":0,"1067":0,"1068":0,"1069":0,"1070":0,"1071":1,"1072":1,"1073":0,"1074":0,"1075":0,"1076":0,"1077":1,"1078":0,"1079":0,"1080":0,"1081":0,"1082":0,"1083":0,"1084":0,"1085":0,"1086":0,"1087":0,"1088":0,"1089":0,"1090":1,"1091":0,"1092":0,"1093":0,"1094":0,"1095":0,"1096":0,"1097":1,"1098":0,"1099":0,"1100":0,"1101":0,"1102":0,"1103":0,"1104":0,"1105":0,"1106":0,"1107":0,"1108":0,"1109":1,"1110":0,"1111":0,"1112":0,"1113":0,"1114":0,"1115":0,"1116":0,"1117":0,"1118":0,"1119":0,"1120":0,"1121":0,"1122":0,"1123":0,"1124":0,"1125":0,"1126":0,"1127":0,"1128":0,"1129":0,"1130":0,"1131":0,"1132":0,"1133":0,"1134":0,"1135":0,"1136":0,"1137":0,"1138":0,"1139":0,"1140":0,"1141":0,"1142":0,"1143":0,"1144":0,"1145":0,"1146":0,"1147":0,"1148":0,"1149":0,"1150":0,"1151":0,"1152":0,"1153":0,"1154":0,"1155":0,"1156":0,"1157":0,"1158":0,"1159":0,"1160":0,"1161":0,"1162":0,"1163":0,"1164":0,"1165":0,"1166":0,"1167":0,"1168":0,"1169":0,"1170":0,"1171":0,"1172":0,"1173":0,"1174":0,"1175":0,"1176":0,"1177":0,"1178":0,"1179":0,"1180":0,"1181":0,"1182":0,"1183":0,"1184":0,"1185":0,"1186":0,"1187":0,"1188":0,"1189":0,"1190":0,"1191":0,"1192":0,"1193":0,"1194":0,"1195":0,"1196":1,"1197":0,"1198":1,"1199":0,"1200":0,"1201":0,"1202":0,"1203":0,"1204":0,"1205":0,"1206":0,"1207":0,"1208":0,"1209":0,"1210":0,"1211":0,"1212":0,"1213":0,"1214":0,"1215":0,"1216":0,"1217":0,"1218":0,"1219":0,"1220":1,"1221":1,"1222":1,"1223":0,"1224":0,"1225":1,"1226":1,"1227":0,"1228":0,"1229":0,"1230":0,"1231":0,"1232":1,"1233":0,"1234":0,"1235":0,"1236":0,"1237":0,"1238":0,"1239":1,"1240":1,"1241":0,"1242":0,"1243":0,"1244":0,"1245":0,"1246":0,"1247":0,"1248":0,"1249":0,"1250":0,"1251":0,"1252":0,"1253":0,"1254":0,"1255":0,"1256":0,"1257":0,"1258":0,"1259":0,"1260":1,"1261":1,"1262":1,"1263":1,"1264":1,"1265":0,"1266":0,"1267":0,"1268":1,"1269":0,"1270":0,"1271":1,"1272":1,"1273":0,"1274":0,"1275":1,"1276":0,"1277":0,"1278":0,"1279":0,"1280":0,"1281":0,"1282":0,"1283":0,"1284":0,"1285":0,"1286":0,"1287":0,"1288":0,"1289":0,"1290":0,"1291":1,"1292":1,"1293":1,"1294":1,"1295":0,"1296":0,"1297":0,"1298":0,"1299":0,"1300":0,"1301":0,"1302":0,"1303":0,"1304":0,"1305":0,"1306":0,"1307":0,"1308":0,"1309":0,"1310":0,"1311":0,"1312":0,"1313":0,"1314":0,"1315":1,"1316":0,"1317":0,"1318":0,"1319":0,"1320":0,"1321":0,"1322":0,"1323":0,"1324":0,"1325":0,"1326":0,"1327":0,"1328":0,"1329":0,"1330":0,"1331":0,"1332":0,"1333":0,"1334":0,"1335":0,"1336":0,"1337":0,"1338":0,"1339":0,"1340":1,"1341":0,"1342":0,"1343":0,"1344":0,"1345":0,"1346":0,"1347":0,"1348":0,"1349":0,"1350":0,"1351":0,"1352":0,"1353":0,"1354":0,"1355":0,"1356":0,"1357":0,"1358":0,"1359":0,"1360":0,"1361":0,"1362":0,"1363":0,"1364":0,"1365":0,"1366":0,"1367":0,"1368":0,"1369":0,"1370":0,"1371":0,"1372":1,"1373":1,"1374":1,"1375":1,"1376":1,"1377":0,"1378":1,"1379":0,"1380":0,"1381":0,"1382":0,"1383":0,"1384":1,"1385":0,"1386":1,"1387":0,"1388":0,"1389":0,"1390":0,"1391":0,"1392":0,"1393":0,"1394":0,"1395":0,"1396":1,"1397":1,"1398":1,"1399":0,"1400":0,"1401":0,"1402":0,"1403":1,"1404":0,"1405":0,"1406":0,"1407":0,"1408":0,"1409":0,"1410":0,"1411":0,"1412":0,"1413":0,"1414":0,"1415":0,"1416":0,"1417":0,"1418":0,"1419":0,"1420":0,"1421":1,"1422":1,"1423":1,"1424":0,"1425":0,"1426":0,"1427":0,"1428":0,"1429":0,"1430":1,"1431":0,"1432":0,"1433":0,"1434":0,"1435":0,"1436":0,"1437":0,"1438":0,"1439":1,"1440":0,"1441":0,"1442":0,"1443":0,"1444":0,"1445":0,"1446":0,"1447":0,"1448":0,"1449":0,"1450":0,"1451":0,"1452":0,"1453":0,"1454":0,"1455":0,"1456":0,"1457":0,"1458":0,"1459":0,"1460":0,"1461":0,"1462":0,"1463":0,"1464":0,"1465":0,"1466":0,"1467":0,"1468":0,"1469":0,"1470":0,"1471":0,"1472":0,"1473":0,"1474":0,"1475":0,"1476":1,"1477":1,"1478":1,"1479":1,"1480":1,"1481":1,"1482":0,"1483":0,"1484":0,"1485":0,"1486":0,"1487":0,"1488":0,"1489":0,"1490":0,"1491":0,"1492":1,"1493":0,"1494":0,"1495":0,"1496":0,"1497":0,"1498":1,"1499":1,"1500":1,"1501":1,"1502":1,"1503":0,"1504":0,"1505":0,"1506":0,"1507":1,"1508":0,"1509":0,"1510":0,"1511":0,"1512":1,"1513":1,"1514":1,"1515":1,"1516":1,"1517":0,"1518":0,"1519":1,"1520":0,"1521":0,"1522":0,"1523":0,"1524":0,"1525":0,"1526":0,"1527":0,"1528":0,"1529":0,"1530":0,"1531":0,"1532":0,"1533":0,"1534":0,"1535":0,"1536":0,"1537":0,"1538":0,"1539":0,"1540":0,"1541":0,"1542":0,"1543":0,"1544":0,"1545":0,"1546":0,"1547":0,"1548":0,"1549":0,"1550":0,"1551":0,"1552":0,"1553":0,"1554":0,"1555":0,"1556":0,"1557":1,"1558":0,"1559":0,"1560":0,"1561":0,"1562":0,"1563":0,"1564":1,"1565":0,"1566":0,"1567":0,"1568":0,"1569":0,"1570":0,"1571":0,"1572":0,"1573":0,"1574":0,"1575":0,"1576":0,"1577":0,"1578":0,"1579":0,"1580":0,"1581":0,"1582":0,"1583":0,"1584":0,"1585":0,"1586":1,"1587":0,"1588":0,"1589":0,"1590":0,"1591":0,"1592":0,"1593":0,"1594":0,"1595":0,"1596":0,"1597":0,"1598":0,"1599":0,"1600":0,"1601":0,"1602":0,"1603":0,"1604":0,"1605":0,"1606":0,"1607":0,"1608":0,"1609":1,"1610":0,"1611":0,"1612":0,"1613":0,"1614":0,"1615":0,"1616":0,"1617":0,"1618":0,"1619":0,"1620":0,"1621":0,"1622":0,"1623":0,"1624":0,"1625":0,"1626":0,"1627":0,"1628":0,"1629":0,"1630":0,"1631":0,"1632":0,"1633":0,"1634":0,"1635":0,"1636":0,"1637":0,"1638":0,"1639":0,"1640":0,"1641":0,"1642":0,"1643":0,"1644":0,"1645":0,"1646":0,"1647":0,"1648":0,"1649":0,"1650":0,"1651":0,"1652":0,"1653":0,"1654":0,"1655":0,"1656":0,"1657":0,"1658":0,"1659":0,"1660":0,"1661":0,"1662":0,"1663":0,"1664":0,"1665":0,"1666":0,"1667":0,"1668":0,"1669":0,"1670":0,"1671":0,"1672":0,"1673":0,"1674":0,"1675":0,"1676":0,"1677":0,"1678":0,"1679":0,"1680":0,"1681":0,"1682":0,"1683":0,"1684":0,"1685":0,"1686":0,"1687":0,"1688":0,"1689":0,"1690":0,"1691":0,"1692":0,"1693":0,"1694":0,"1695":0,"1696":0,"1697":0,"1698":0,"1699":0,"1700":0,"1701":0,"1702":0,"1703":0,"1704":0,"1705":0,"1706":0,"1707":0,"1708":0,"1709":0,"1710":0,"1711":0,"1712":0,"1713":0,"1714":0,"1715":0,"1716":0,"1717":0,"1718":0,"1719":0,"1720":0,"1721":0,"1722":0,"1723":0,"1724":0,"1725":0,"1726":0,"1727":0,"1728":0,"1729":0,"1730":0,"1731":0,"1732":0,"1733":1,"1734":1,"1735":1,"1736":1,"1737":0,"1738":0,"1739":1,"1740":1,"1741":1,"1742":1,"1743":0,"1744":0,"1745":0,"1746":0,"1747":0,"1748":0,"1749":0,"1750":1,"1751":0,"1752":0,"1753":0,"1754":0,"1755":0,"1756":1,"1757":0,"1758":0,"1759":0,"1760":0,"1761":0,"1762":0,"1763":0,"1764":0,"1765":0,"1766":0,"1767":0,"1768":0,"1769":0,"1770":0,"1771":0,"1772":0,"1773":0,"1774":0,"1775":0,"1776":0,"1777":0,"1778":0,"1779":0,"1780":0,"1781":0,"1782":0,"1783":1,"1784":1,"1785":1,"1786":0,"1787":0,"1788":0,"1789":0,"1790":0,"1791":0,"1792":0,"1793":0,"1794":1,"1795":0,"1796":0,"1797":0,"1798":0,"1799":0,"1800":0,"1801":0,"1802":0,"1803":0,"1804":0,"1805":0,"1806":0,"1807":0,"1808":0,"1809":0,"1810":0,"1811":0,"1812":0,"1813":0,"1814":0,"1815":0,"1816":0,"1817":0,"1818":0,"1819":0,"1820":1,"1821":1,"1822":0,"1823":1,"1824":0,"1825":0,"1826":0,"1827":0,"1828":0,"1829":1,"1830":0,"1831":0,"1832":0,"1833":0,"1834":1,"1835":1,"1836":1,"1837":1,"1838":1,"1839":1,"1840":1,"1841":1,"1842":1,"1843":1,"1844":1,"1845":1,"1846":1,"1847":1,"1848":1,"1849":1,"1850":1,"1851":1,"1852":1,"1853":1,"1854":0,"1855":0,"1856":1,"1857":1,"1858":1,"1859":1,"1860":1,"1861":1,"1862":0,"1863":0,"1864":1,"1865":1,"1866":1,"1867":13,"1868":13,"1869":0,"1870":0,"1871":0,"1872":0,"1873":0,"1874":0,"1875":1,"1876":2,"1877":1,"1878":0,"1879":0,"1880":1,"1881":0,"1882":0,"1883":1,"1884":0,"1885":0,"1886":1,"1887":2,"1888":2,"1889":1,"1890":3,"1891":1,"1892":1,"1893":0,"1894":0,"1895":0,"1896":1,"1897":0,"1898":0,"1899":0,"1900":1,"1901":1,"1902":1,"1903":0,"1904":1,"1905":1},"b":{"1":[1,0],"2":[1,1,1],"3":[1,1,1],"4":[0,1],"5":[8,0],"6":[0,1],"7":[1,0],"8":[0,0],"9":[0,0,0],"10":[0,1],"11":[0,1],"12":[0,0],"13":[1,0],"14":[1,1],"15":[0,1],"16":[0,1],"17":[1,0],"18":[0,0],"19":[0,0],"20":[0,0],"21":[0,0],"22":[0,0],"23":[0,0],"24":[0,0],"25":[0,0],"26":[0,0],"27":[0,0],"28":[0,0],"29":[0,0],"30":[0,0],"31":[0,0,0,0,0,0,0],"32":[0,0],"33":[0,0],"34":[0,0],"35":[0,0],"36":[0,0],"37":[0,0],"38":[0,0],"39":[0,0],"40":[0,0],"41":[0,0],"42":[0,0],"43":[0,0,0],"44":[0,0],"45":[0,0],"46":[0,0],"47":[0,0],"48":[0,0],"49":[0,0],"50":[0,0],"51":[0,0],"52":[0,0],"53":[0,0,0],"54":[0,0],"55":[0,0],"56":[0,0],"57":[0,0],"58":[0,0],"59":[0,0],"60":[0,0],"61":[0,0],"62":[0,0],"63":[1,1],"64":[1,0],"65":[0,4],"66":[0,0],"67":[1,0],"68":[1,1],"69":[0,0],"70":[0,0],"71":[0,0],"72":[0,0],"73":[0,0],"74":[0,0],"75":[0,0],"76":[0,0],"77":[0,0],"78":[0,0],"79":[0,0],"80":[0,0],"81":[0,0],"82":[0,0],"83":[0,0],"84":[0,0],"85":[0,0],"86":[0,0],"87":[0,0],"88":[0,0],"89":[0,0],"90":[0,0],"91":[0,0],"92":[0,0],"93":[0,0],"94":[0,0],"95":[0,0],"96":[0,0,0,0],"97":[0,0],"98":[0,0,0],"99":[0,0],"100":[0,0],"101":[0,0],"102":[0,0],"103":[0,0],"104":[0,0],"105":[0,0,0],"106":[0,0],"107":[0,0],"108":[0,0,0],"109":[0,0],"110":[0,0],"111":[0,0,0],"112":[0,0],"113":[0,0],"114":[0,0],"115":[0,0],"116":[0,0],"117":[0,0],"118":[0,0],"119":[0,0],"120":[0,0],"121":[0,0],"122":[0,0],"123":[0,0],"124":[0,0],"125":[0,0],"126":[0,0],"127":[0,0],"128":[0,0],"129":[0,0],"130":[0,0],"131":[0,0],"132":[0,0],"133":[0,0],"134":[0,0],"135":[0,0],"136":[0,0],"137":[0,0],"138":[0,0],"139":[0,0],"140":[0,0],"141":[0,0],"142":[0,0],"143":[0,0],"144":[0,0],"145":[0,0],"146":[0,0],"147":[0,0],"148":[0,0],"149":[0,0],"150":[0,0],"151":[0,0],"152":[0,0],"153":[0,0],"154":[0,0],"155":[0,0],"156":[0,0],"157":[0,0],"158":[0,0],"159":[0,0],"160":[0,0],"161":[0,0],"162":[0,0],"163":[0,0],"164":[0,0],"165":[1,0],"166":[0,0],"167":[0,0],"168":[0,0],"169":[0,0],"170":[0,0],"171":[0,0],"172":[0,0,0],"173":[1,1,0],"174":[0,2],"175":[2,2,0,0],"176":[0,0],"177":[0,0,0],"178":[0,0],"179":[0,0],"180":[0,0],"181":[0,0],"182":[0,0],"183":[0,0],"184":[0,0],"185":[0,0],"186":[0,0],"187":[0,0],"188":[0,0],"189":[0,0],"190":[0,0],"191":[0,0],"192":[0,0],"193":[0,0,0],"194":[0,0],"195":[0,0],"196":[0,1],"197":[0,0],"198":[0,0],"199":[0,0],"200":[0,0],"201":[0,0],"202":[0,1],"203":[0,0],"204":[0,0],"205":[0,0],"206":[0,0],"207":[0,0],"208":[0,0],"209":[0,0],"210":[0,0],"211":[0,0],"212":[0,0],"213":[0,0,0,0,0],"214":[0,0],"215":[0,0],"216":[0,0],"217":[0,0],"218":[0,0],"219":[0,0],"220":[0,0],"221":[0,0],"222":[0,0],"223":[0,0],"224":[0,0],"225":[0,0],"226":[0,0],"227":[0,0],"228":[0,0],"229":[0,0],"230":[0,0],"231":[0,0],"232":[0,0],"233":[0,0],"234":[0,0],"235":[0,0],"236":[0,0],"237":[0,0],"238":[0,0],"239":[0,0],"240":[0,1],"241":[1,0],"242":[0,1],"243":[1,0],"244":[1,1],"245":[0,0],"246":[0,0],"247":[0,0],"248":[0,0],"249":[0,0],"250":[0,0],"251":[0,0],"252":[0,0],"253":[0,0,0],"254":[0,0,0],"255":[0,0],"256":[0,0],"257":[0,0],"258":[0,0],"259":[0,0],"260":[0,0],"261":[0,0],"262":[0,0],"263":[0,0],"264":[0,0],"265":[0,0],"266":[0,0],"267":[0,0],"268":[0,0],"269":[0,0],"270":[0,0],"271":[0,0],"272":[0,0],"273":[0,0],"274":[0,0,0],"275":[0,0],"276":[0,0],"277":[0,0],"278":[0,0],"279":[0,0,0],"280":[0,0],"281":[0,0],"282":[0,0],"283":[0,0],"284":[0,0,0],"285":[0,0],"286":[0,0],"287":[0,0],"288":[0,0,0],"289":[0,0],"290":[0,0],"291":[0,0],"292":[0,0],"293":[0,0],"294":[0,0],"295":[0,0],"296":[0,0],"297":[0,0],"298":[0,0],"299":[0,0],"300":[0,0],"301":[0,0],"302":[0,0],"303":[0,0],"304":[0,0],"305":[0,0,0],"306":[0,0],"307":[0,0],"308":[0,0],"309":[0,0],"310":[0,0],"311":[0,0],"312":[0,0],"313":[0,0,0,0],"314":[0,0],"315":[0,0],"316":[0,0],"317":[0,0],"318":[0,0],"319":[0,0],"320":[0,0],"321":[0,0],"322":[0,0],"323":[0,0],"324":[0,0],"325":[0,0],"326":[0,0],"327":[0,0],"328":[0,0],"329":[0,0],"330":[0,0],"331":[0,0],"332":[0,0],"333":[0,0],"334":[0,0],"335":[0,0],"336":[0,0],"337":[0,0],"338":[0,0],"339":[0,0],"340":[0,0],"341":[0,0],"342":[0,0],"343":[0,0],"344":[0,0],"345":[0,0],"346":[0,0],"347":[0,0],"348":[0,0],"349":[0,0],"350":[0,0,0,0],"351":[0,0],"352":[0,0],"353":[0,0],"354":[0,0],"355":[0,0],"356":[0,0,0,0],"357":[0,0],"358":[0,0],"359":[0,0],"360":[0,0],"361":[0,0],"362":[0,0],"363":[0,0],"364":[0,0],"365":[0,0],"366":[0,0],"367":[0,0],"368":[0,0],"369":[0,0],"370":[0,0],"371":[0,0],"372":[0,0],"373":[0,0],"374":[0,0],"375":[0,0],"376":[0,0],"377":[0,0],"378":[0,0],"379":[0,0],"380":[0,0],"381":[0,0],"382":[0,0],"383":[0,0],"384":[0,0],"385":[0,0],"386":[0,0],"387":[0,0],"388":[0,0],"389":[0,0],"390":[0,0],"391":[0,0],"392":[0,0],"393":[0,0],"394":[0,0],"395":[0,0],"396":[0,0],"397":[0,0,0],"398":[0,0],"399":[0,0],"400":[0,0],"401":[0,0],"402":[0,0],"403":[0,0],"404":[0,0],"405":[0,0],"406":[0,0],"407":[0,0],"408":[0,0],"409":[0,0],"410":[0,0],"411":[0,0],"412":[0,0,0],"413":[0,0],"414":[0,0],"415":[0,0],"416":[0,0],"417":[0,0],"418":[0,0],"419":[0,0],"420":[0,0],"421":[0,0],"422":[0,0],"423":[0,0],"424":[0,0],"425":[0,0],"426":[0,0],"427":[0,0],"428":[0,0],"429":[0,0],"430":[0,0,0,0],"431":[0,0],"432":[0,0],"433":[0,0],"434":[0,0],"435":[0,0],"436":[0,0],"437":[0,0],"438":[0,0],"439":[0,0],"440":[0,0],"441":[0,0],"442":[0,0,0],"443":[0,0],"444":[0,0],"445":[0,0],"446":[0,1],"447":[1,1],"448":[0,0],"449":[0,0],"450":[0,0],"451":[0,0],"452":[0,0],"453":[0,0],"454":[0,0],"455":[0,0],"456":[0,0,0],"457":[0,0],"458":[0,0,0],"459":[0,0],"460":[0,0],"461":[0,0],"462":[0,0],"463":[0,0],"464":[0,1],"465":[1,0,0],"466":[0,0],"467":[0,0,0],"468":[0,0],"469":[0,0],"470":[0,0],"471":[0,0],"472":[0,0],"473":[0,0],"474":[0,0],"475":[0,0],"476":[0,0],"477":[0,0],"478":[0,0],"479":[0,0],"480":[0,0],"481":[0,0],"482":[0,0],"483":[0,0],"484":[0,0],"485":[0,0],"486":[0,0],"487":[0,0],"488":[0,0],"489":[0,0],"490":[0,0],"491":[0,0],"492":[0,0],"493":[0,0],"494":[0,0],"495":[0,0],"496":[0,0],"497":[0,0],"498":[0,0],"499":[0,0],"500":[0,0],"501":[0,0],"502":[0,0],"503":[0,0],"504":[0,0],"505":[0,0],"506":[0,1],"507":[1,0,0],"508":[0,0],"509":[0,0],"510":[0,0],"511":[0,0],"512":[0,0],"513":[0,0],"514":[0,0],"515":[0,0],"516":[0,0],"517":[0,0],"518":[0,0],"519":[0,0],"520":[0,0],"521":[0,0],"522":[0,0],"523":[0,0],"524":[0,0],"525":[0,0],"526":[0,0],"527":[0,0],"528":[0,0],"529":[0,0],"530":[0,0],"531":[0,0],"532":[0,0],"533":[0,0],"534":[0,0],"535":[0,0],"536":[0,0],"537":[0,0],"538":[0,0],"539":[0,0],"540":[0,0],"541":[0,0,0],"542":[0,0],"543":[0,0],"544":[0,0],"545":[0,0],"546":[1,1,0,0,0],"547":[1,0],"548":[1,1,1],"549":[0,0],"550":[0,0,0,0],"551":[0,0],"552":[0,0],"553":[0,0],"554":[0,0],"555":[0,0],"556":[0,0],"557":[0,0],"558":[0,0],"559":[0,0,0],"560":[0,0],"561":[0,0,0,0,0,0],"562":[0,0],"563":[0,0],"564":[0,0],"565":[0,0],"566":[0,0],"567":[0,0],"568":[0,0],"569":[0,0],"570":[0,0],"571":[0,0],"572":[0,0],"573":[0,0],"574":[0,0],"575":[0,0],"576":[0,0],"577":[0,0],"578":[0,0],"579":[0,0],"580":[0,0],"581":[0,0],"582":[0,0],"583":[0,0],"584":[0,0],"585":[0,0],"586":[0,0],"587":[0,0],"588":[0,0],"589":[0,0],"590":[0,0],"591":[0,0],"592":[0,0],"593":[0,0],"594":[0,0],"595":[0,0],"596":[0,0,0],"597":[0,0],"598":[0,0,0],"599":[0,0],"600":[0,0,0],"601":[0,0],"602":[0,0],"603":[0,0],"604":[0,0],"605":[0,0,0,0,0,0,0,0],"606":[0,0],"607":[0,0],"608":[0,0],"609":[0,0],"610":[0,0],"611":[0,0],"612":[0,0],"613":[0,0],"614":[0,0],"615":[0,0],"616":[0,0],"617":[0,0],"618":[0,0],"619":[0,0],"620":[0,0],"621":[0,0],"622":[0,0],"623":[0,0],"624":[0,0],"625":[0,1],"626":[0,0],"627":[0,0],"628":[0,0],"629":[0,0],"630":[0,0],"631":[0,0],"632":[0,0],"633":[0,0,0,0],"634":[0,0],"635":[0,0],"636":[0,0],"637":[0,0],"638":[0,0],"639":[0,0],"640":[0,0],"641":[0,0],"642":[0,0],"643":[0,0],"644":[0,0],"645":[0,0],"646":[0,0],"647":[0,0],"648":[0,0],"649":[0,0],"650":[0,0],"651":[0,0],"652":[0,0],"653":[0,0],"654":[0,0],"655":[0,0],"656":[0,0],"657":[0,1],"658":[0,1],"659":[0,0],"660":[0,0,0],"661":[0,0],"662":[0,1],"663":[1,0],"664":[1,1],"665":[1,1],"666":[0,0],"667":[0,0],"668":[0,0],"669":[0,0],"670":[0,0],"671":[0,1],"672":[1,1],"673":[1,0],"674":[1,1]},"f":{"1":1,"2":8,"3":0,"4":0,"5":0,"6":0,"7":0,"8":0,"9":1,"10":0,"11":0,"12":0,"13":0,"14":0,"15":0,"16":0,"17":0,"18":0,"19":0,"20":1,"21":0,"22":0,"23":0,"24":0,"25":0,"26":0,"27":0,"28":4,"29":0,"30":0,"31":4,"32":9,"33":0,"34":1,"35":0,"36":0,"37":0,"38":0,"39":0,"40":0,"41":0,"42":0,"43":0,"44":0,"45":0,"46":0,"47":0,"48":0,"49":0,"50":0,"51":0,"52":0,"53":0,"54":0,"55":0,"56":0,"57":0,"58":0,"59":0,"60":0,"61":0,"62":0,"63":0,"64":0,"65":0,"66":0,"67":0,"68":0,"69":0,"70":0,"71":0,"72":0,"73":0,"74":0,"75":0,"76":0,"77":0,"78":0,"79":0,"80":2,"81":0,"82":0,"83":0,"84":0,"85":0,"86":0,"87":0,"88":0,"89":0,"90":0,"91":0,"92":0,"93":0,"94":0,"95":0,"96":0,"97":0,"98":0,"99":0,"100":0,"101":0,"102":0,"103":0,"104":0,"105":0,"106":0,"107":0,"108":0,"109":0,"110":0,"111":0,"112":0,"113":0,"114":0,"115":0,"116":0,"117":0,"118":0,"119":0,"120":0,"121":0,"122":0,"123":0,"124":0,"125":0,"126":0,"127":0,"128":0,"129":0,"130":0,"131":0,"132":0,"133":0,"134":0,"135":0,"136":0,"137":0,"138":0,"139":0,"140":0,"141":0,"142":0,"143":0,"144":0,"145":0,"146":0,"147":0,"148":0,"149":0,"150":0,"151":0,"152":0,"153":0,"154":0,"155":0,"156":0,"157":0,"158":0,"159":0,"160":0,"161":0,"162":0,"163":0,"164":0,"165":0,"166":0,"167":0,"168":0,"169":0,"170":0,"171":0,"172":0,"173":0,"174":0,"175":0,"176":0,"177":0,"178":0,"179":1,"180":0,"181":0,"182":0,"183":0,"184":0,"185":0,"186":0,"187":0,"188":0,"189":0,"190":0,"191":0,"192":0,"193":0,"194":0,"195":0,"196":0,"197":0,"198":0,"199":0,"200":0,"201":0,"202":0,"203":0,"204":0,"205":0,"206":0,"207":0,"208":0,"209":0,"210":0,"211":0,"212":0,"213":0,"214":0,"215":0,"216":0,"217":0,"218":0,"219":0,"220":0,"221":0,"222":0,"223":0,"224":0,"225":0,"226":0,"227":0,"228":0,"229":0,"230":0,"231":0,"232":0,"233":0,"234":0,"235":0,"236":0,"237":0,"238":0,"239":0,"240":0,"241":0,"242":0,"243":0,"244":1,"245":1,"246":0,"247":0,"248":0,"249":13,"250":0,"251":0,"252":0,"253":2,"254":0,"255":0,"256":0,"257":2,"258":3,"259":0,"260":0},"fnMap":{"1":{"name":"(anonymous_1)","line":4,"loc":{"start":{"line":4,"column":1},"end":{"line":4,"column":13}}},"2":{"name":"createSymbol","line":19,"loc":{"start":{"line":19,"column":0},"end":{"line":19,"column":29}}},"3":{"name":"LoaderError__Check_error_message_for_loader_stack","line":69,"loc":{"start":{"line":69,"column":0},"end":{"line":69,"column":82}}},"4":{"name":"throwResolveError","line":99,"loc":{"start":{"line":99,"column":0},"end":{"line":99,"column":47}}},"5":{"name":"resolveIfNotPlain","line":102,"loc":{"start":{"line":102,"column":0},"end":{"line":102,"column":47}}},"6":{"name":"arrayValues","line":224,"loc":{"start":{"line":224,"column":0},"end":{"line":224,"column":27}}},"7":{"name":"(anonymous_7)","line":232,"loc":{"start":{"line":232,"column":30},"end":{"line":232,"column":42}}},"8":{"name":"(anonymous_8)","line":236,"loc":{"start":{"line":236,"column":12},"end":{"line":236,"column":24}}},"9":{"name":"Loader","line":259,"loc":{"start":{"line":259,"column":0},"end":{"line":259,"column":19}}},"10":{"name":"ensureInstantiated","line":265,"loc":{"start":{"line":265,"column":0},"end":{"line":265,"column":37}}},"11":{"name":"(anonymous_11)","line":272,"loc":{"start":{"line":272,"column":26},"end":{"line":272,"column":49}}},"12":{"name":"(anonymous_12)","line":278,"loc":{"start":{"line":278,"column":8},"end":{"line":278,"column":20}}},"13":{"name":"(anonymous_13)","line":283,"loc":{"start":{"line":283,"column":9},"end":{"line":283,"column":24}}},"14":{"name":"(anonymous_14)","line":303,"loc":{"start":{"line":303,"column":40},"end":{"line":303,"column":63}}},"15":{"name":"(anonymous_15)","line":306,"loc":{"start":{"line":306,"column":8},"end":{"line":306,"column":28}}},"16":{"name":"ensureResolution","line":311,"loc":{"start":{"line":311,"column":0},"end":{"line":311,"column":40}}},"17":{"name":"(anonymous_17)","line":317,"loc":{"start":{"line":317,"column":27},"end":{"line":317,"column":50}}},"18":{"name":"(anonymous_18)","line":320,"loc":{"start":{"line":320,"column":8},"end":{"line":320,"column":19}}},"19":{"name":"(anonymous_19)","line":324,"loc":{"start":{"line":324,"column":9},"end":{"line":324,"column":24}}},"20":{"name":"Registry","line":351,"loc":{"start":{"line":351,"column":0},"end":{"line":351,"column":20}}},"21":{"name":"(anonymous_21)","line":358,"loc":{"start":{"line":358,"column":40},"end":{"line":358,"column":52}}},"22":{"name":"(anonymous_22)","line":363,"loc":{"start":{"line":363,"column":31},"end":{"line":363,"column":43}}},"23":{"name":"(anonymous_23)","line":365,"loc":{"start":{"line":365,"column":49},"end":{"line":365,"column":64}}},"24":{"name":"(anonymous_24)","line":372,"loc":{"start":{"line":372,"column":26},"end":{"line":372,"column":38}}},"25":{"name":"(anonymous_25)","line":376,"loc":{"start":{"line":376,"column":28},"end":{"line":376,"column":40}}},"26":{"name":"(anonymous_26)","line":378,"loc":{"start":{"line":378,"column":47},"end":{"line":378,"column":62}}},"27":{"name":"(anonymous_27)","line":383,"loc":{"start":{"line":383,"column":25},"end":{"line":383,"column":40}}},"28":{"name":"(anonymous_28)","line":387,"loc":{"start":{"line":387,"column":25},"end":{"line":387,"column":51}}},"29":{"name":"(anonymous_29)","line":394,"loc":{"start":{"line":394,"column":25},"end":{"line":394,"column":40}}},"30":{"name":"(anonymous_30)","line":398,"loc":{"start":{"line":398,"column":28},"end":{"line":398,"column":43}}},"31":{"name":"ModuleNamespace","line":425,"loc":{"start":{"line":425,"column":0},"end":{"line":425,"column":52}}},"32":{"name":"extendNamespace","line":450,"loc":{"start":{"line":450,"column":0},"end":{"line":45
[...]
 {","  return RegisterLoader$1.prototype.import.apply(this, arguments)","  .then(function (m) {","    return m.__useDefault ? m.default: m;","  });","};","","var configNames = ['baseURL', 'map', 'paths', 'packages', 'packageConfigPaths', 'depCache', 'meta', 'bundles', 'transpiler', 'warnings', 'pluginFirst', 'production', 'wasm'];","","var hasProxy = typeof Proxy !== 'undefined';","for (var i = 0; i < configNames.length; i++) (function (configName) {","  Object.defineProperty(SystemJSLoader$1.prototype, configName, {","    get: function () {","      var cfg = getConfigItem(this[CONFIG], configName);","","      if (hasProxy && typeof cfg === 'object')","        cfg = new Proxy(cfg, {","          set: function (target, option) {","            throw new Error('Cannot set SystemJS.' + configName + '[\"' + option + '\"] directly. Use SystemJS.config({ ' + configName + ': { \"' + option + '\": ... } }) rather.');","          }","        });","","      //if (typeof cfg === 'object')","      //  warn.call(this[CONFIG], 'Referencing `SystemJS.' + configName + '` is deprecated. Use the config getter `SystemJS.getConfig(\\'' + configName + '\\')`');","      return cfg;","    },","    set: function (name) {","      throw new Error('Setting `SystemJS.' + configName + '` directly is no longer supported. Use `SystemJS.config({ ' + configName + ': ... })`.');","    }","  });","})(configNames[i]);","","/*"," * Backwards-compatible registry API, to be deprecated"," */","function registryWarn(loader, method) {","  warn.call(loader[CONFIG], 'SystemJS.' + method + ' is deprecated for SystemJS.registry.' + method);","}","SystemJSLoader$1.prototype.delete = function (key) {","  registryWarn(this, 'delete');","  this.registry.delete(key);","};","SystemJSLoader$1.prototype.get = function (key) {","  registryWarn(this, 'get');","  return this.registry.get(key);","};","SystemJSLoader$1.prototype.has = function (key) {","  registryWarn(this, 'has');","  return this.registry.has(key);","};","SystemJSLoader$1.prototype.set = function (key, module) {","  registryWarn(this, 'set');","  return this.registry.set(key, module);","};","SystemJSLoader$1.prototype.newModule = function (bindings) {","  return new ModuleNamespace(bindings);","};","SystemJSLoader$1.prototype.isModule = isModule;","","// ensure System.register and System.registerDynamic decanonicalize","SystemJSLoader$1.prototype.register = function (key, deps, declare) {","  if (typeof key === 'string')","    key = decanonicalize.call(this, this[CONFIG], key);","  return RegisterLoader$1.prototype.register.call(this, key, deps, declare);","};","","SystemJSLoader$1.prototype.registerDynamic = function (key, deps, executingRequire, execute) {","  if (typeof key === 'string')","    key = decanonicalize.call(this, this[CONFIG], key);","  return RegisterLoader$1.prototype.registerDynamic.call(this, key, deps, executingRequire, execute);","};","","SystemJSLoader$1.prototype.version = \"0.20.12 Dev\";","","var System = new SystemJSLoader$1();","","// only set the global System on the global in browsers","if (isBrowser || isWorker)","  envGlobal.SystemJS = envGlobal.System = System;","","if (typeof module !== 'undefined' && module.exports)","  module.exports = System;","","}());","//# sourceMappingURL=system.src.js.map",""],"l":{"4":1,"10":1,"11":1,"12":1,"14":1,"18":1,"19":1,"20":8,"30":1,"33":1,"34":0,"36":0,"37":0,"38":0,"41":1,"42":0,"46":1,"47":0,"48":0,"49":0,"50":0,"52":1,"53":1,"54":1,"55":0,"58":0,"62":1,"63":1,"68":1,"69":1,"71":0,"72":0,"74":0,"76":0,"77":0,"78":0,"80":0,"83":0,"85":0,"87":0,"89":0,"91":0,"93":0,"99":1,"100":0,"102":1,"103":0,"104":0,"106":0,"107":0,"110":0,"111":0,"112":0,"113":0,"116":0,"118":0,"122":0,"123":0,"125":0,"126":0,"127":0,"129":0,"131":0,"132":0,"133":0,"136":0,"141":0,"144":0,"145":0,"146":0,"148":0,"154":0,"156":0,"157":0,"159":0,"161":0,"162":0,"163":0,"164":0,"166":0,"170":0,"172":0,"173":0,"174":0,"177":0,"178":0,"182":0,"183":0,"187":0,"188":0,"191":0,"192":0,"193":0,"197":0,"200":0,"201":0,"203":0,"208":0,"209":0,"210":0,"212":0,"213":0,"215":0,"219":1,"224":1,"225":0,"226":0,"228":0,"229":0,"231":0,"232":0,"233":0,"234":0,"235":0,"237":0,"238":0,"243":0,"250":0,"259":1,"260":1,"263":1,"265":1,"266":0,"267":0,"268":0,"272":1,"273":0,"274":0,"276":0,"277":0,"279":0,"284":0,"288":1,"299":1,"303":1,"304":0,"305":0,"307":0,"311":1,"312":0,"313":0,"314":0,"317":1,"318":0,"319":0,"321":0,"325":0,"349":1,"350":1,"351":1,"352":1,"353":1,"356":1,"358":1,"359":0,"363":1,"364":0,"365":0,"366":0,"372":1,"373":0,"376":1,"377":0,"378":0,"379":0,"383":1,"384":0,"387":1,"388":4,"389":0,"390":4,"391":4,"394":1,"395":0,"398":1,"399":0,"400":0,"401":0,"403":0,"411":1,"425":1,"426":4,"439":4,"443":1,"445":1,"446":1,"450":1,"451":9,"454":0,"498":1,"500":1,"501":1,"503":1,"504":1,"505":0,"508":0,"509":0,"511":0,"514":1,"516":1,"524":1,"527":1,"528":1,"530":1,"533":1,"534":0,"537":1,"542":1,"543":0,"592":1,"593":0,"594":0,"595":0,"597":0,"599":0,"600":0,"603":0,"604":0,"607":0,"608":0,"610":0,"612":0,"615":0,"616":0,"621":1,"624":0,"625":0,"626":0,"628":0,"631":0,"632":0,"634":0,"637":0,"638":0,"639":0,"641":0,"647":0,"648":0,"650":0,"651":0,"652":0,"654":0,"658":1,"659":0,"660":0,"662":0,"663":0,"665":0,"666":0,"668":0,"672":1,"673":0,"676":0,"677":0,"681":0,"682":0,"683":0,"685":0,"686":0,"687":0,"688":0,"692":0,"694":0,"695":0,"696":0,"698":0,"700":0,"702":0,"705":0,"706":0,"707":0,"708":0,"709":0,"714":0,"718":0,"719":0,"720":0,"721":0,"724":0,"727":0,"732":1,"756":0,"758":0,"759":0,"762":0,"763":0,"766":0,"767":0,"773":0,"774":0,"776":0,"777":0,"778":0,"780":0,"784":1,"785":0,"786":0,"794":1,"795":0,"805":1,"806":0,"807":0,"809":0,"812":0,"813":0,"814":0,"815":0,"816":0,"817":0,"818":0,"819":0,"822":0,"823":0,"826":0,"827":0,"828":0,"831":0,"832":0,"834":0,"837":0,"838":0,"839":0,"840":0,"841":0,"845":1,"846":0,"848":0,"850":0,"851":0,"853":0,"856":0,"859":0,"860":0,"861":0,"862":0,"863":0,"865":0,"866":0,"869":0,"871":0,"872":0,"880":0,"882":0,"883":0,"884":0,"886":0,"887":0,"889":0,"890":0,"891":0,"893":0,"895":0,"898":0,"903":0,"904":0,"905":0,"907":0,"910":0,"915":0,"917":0,"922":1,"923":0,"926":0,"927":0,"929":0,"931":0,"932":0,"934":0,"935":0,"936":0,"937":0,"939":0,"940":0,"942":0,"943":0,"947":0,"948":0,"949":0,"958":1,"959":0,"962":0,"963":0,"968":0,"969":0,"976":1,"977":0,"980":0,"981":0,"986":0,"987":0,"993":1,"994":0,"995":0,"1000":1,"1001":0,"1002":0,"1003":0,"1010":1,"1011":0,"1012":0,"1014":0,"1015":0,"1017":0,"1018":0,"1022":0,"1023":0,"1024":0,"1025":0,"1028":0,"1031":1,"1033":0,"1034":0,"1035":0,"1036":0,"1037":0,"1039":0,"1040":0,"1042":0,"1044":0,"1047":0,"1053":1,"1054":0,"1056":0,"1060":0,"1061":0,"1062":0,"1063":0,"1065":0,"1066":0,"1069":0,"1070":0,"1071":0,"1072":0,"1076":0,"1079":0,"1080":0,"1085":0,"1088":0,"1089":0,"1094":0,"1095":0,"1096":0,"1099":0,"1102":0,"1106":0,"1109":0,"1110":0,"1111":0,"1113":0,"1116":0,"1117":0,"1119":0,"1122":0,"1123":0,"1124":0,"1125":0,"1131":0,"1132":0,"1134":0,"1139":0,"1140":0,"1141":0,"1142":0,"1143":0,"1147":0,"1151":1,"1152":1,"1153":1,"1155":1,"1156":0,"1157":0,"1160":0,"1164":1,"1165":0,"1166":0,"1167":0,"1168":0,"1171":0,"1175":1,"1176":1,"1178":1,"1180":1,"1181":0,"1182":0,"1184":0,"1185":0,"1187":0,"1190":1,"1191":1,"1192":0,"1193":0,"1194":0,"1197":1,"1198":1,"1202":1,"1204":1,"1205":2,"1206":0,"1209":1,"1210":0,"1214":0,"1215":0,"1216":0,"1217":0,"1218":0,"1221":0,"1222":0,"1223":0,"1224":0,"1225":0,"1227":0,"1228":0,"1230":0,"1231":0,"1234":0,"1238":0,"1240":0,"1244":0,"1247":1,"1248":1,"1249":0,"1250":0,"1252":0,"1253":0,"1254":0,"1255":0,"1256":0,"1258":0,"1261":1,"1262":0,"1263":0,"1264":0,"1265":0,"1267":0,"1270":1,"1271":0,"1272":0,"1273":0,"1274":0,"1275":0,"1277":0,"1284":1,"1285":0,"1286":0,"1287":0,"1288":0,"1289":0,"1290":0,"1291":0,"1292":0,"1293":0,"1294":0,"1295":0,"1296":0,"1300":1,"1301":1,"1302":1,"1303":0,"1304":0,"1305":0,"1306":0,"1307":0,"1308":0,"1314":1,"1316":0,"1317":0,"1318":0,"1319":0,"1322":0,"1323":0,"1324":0,"1325":0,"1329":0,"1331":0,"1332":0,"1333":0,"1336":1,"1337":0,"1338":0,"1341":0,"1343":0,"1346":1,"1347":0,"1348":0,"1349":0,"1350":0,"1351":0,"1352":0,"1353":0,"1354":0,"1356":0,"1357":0,"1361":1,"1363":0,"1366":0,"1367":0,"1369":0,"1370":0,"1371":0,"1372":0,"1374":0,"1375":0,"1376":0,"1377":0,"1379":0,"1380":0,"1382":0,"1383":0,"1385":1,"1386":0,"1387":0,"1391":1,"1392":0,"1393":0,"1396":1,"1397":0,"1398":0,"1399":0,"1400":0,"1403":0,"1404":0,"1405":0,"1409":1,"1410":0,"1411":0,"1412":0,"1413":0,"1417":1,"1418":0,"1419":0,"1420":0,"1422":0,"1423":0,"1424":0,"1426":0,"1428":0,"1429":0,"1432":0,"1436":1,"1437":0,"1439":0,"1440":0,"1441":0,"1442":0,"1443":0,"1448":1,"1449":0,"1450":0,"1452":0,"1458":0,"1460":0,"1464":1,"1469":1,"1471":0,"1472":0,"1473":0,"1475":0,"1479":0,"1481":0,"1486":0,"1487":0,"1489":0,"1490":0,"1491":0,"1492":0,"1495":0,"1497":0,"1498":0,"1500":0,"1504":1,"1505":0,"1507":0,"1509":0,"1510":0,"1511":0,"1512":1,"1513":0,"1515":1,"1516":0,"1519":0,"1520":0,"1522":0,"1523":0,"1524":0,"1529":0,"1530":0,"1533":0,"1534":0,"1537":0,"1541":0,"1543":0,"1544":0,"1546":0,"1547":0,"1548":0,"1549":0,"1553":0,"1557":1,"1558":1,"1559":0,"1560":0,"1562":0,"1563":0,"1564":0,"1566":0,"1568":0,"1569":0,"1570":0,"1571":0,"1574":0,"1575":0,"1579":0,"1580":0,"1581":0,"1583":0,"1590":1,"1591":0,"1594":1,"1596":1,"1598":1,"1599":0,"1600":1,"1601":0,"1602":1,"1603":1,"1605":0,"1607":1,"1609":1,"1610":0,"1620":1,"1621":0,"1623":0,"1627":0,"1628":0,"1629":0,"1630":0,"1633":0,"1634":0,"1638":0,"1639":0,"1640":0,"1643":0,"1646":1,"1647":0,"1649":0,"1650":0,"1652":0,"1654":0,"1659":0,"1661":0,"1662":0,"1664":0,"1674":0,"1676":0,"1682":0,"1684":0,"1685":0,"1687":0,"1689":0,"1694":0,"1695":0,"1698":0,"1699":0,"1701":0,"1705":0,"1708":0,"1710":0,"1711":0,"1715":0,"1717":0,"1718":0,"1719":0,"1723":0,"1724":0,"1730":1,"1731":0,"1734":0,"1735":0,"1736":0,"1739":0,"1742":1,"1743":0,"1746":0,"1747":0,"1749":0,"1752":0,"1753":0,"1754":0,"1759":0,"1762":1,"1763":0,"1766":0,"1767":0,"1770":0,"1771":0,"1773":0,"1774":0,"1776":0,"1777":0,"1778":0,"1782":0,"1783":0,"1785":0,"1786":0,"1788":0,"1789":0,"1790":0,"1791":0,"1792":0,"1795":1,"1797":0,"1798":0,"1799":0,"1801":0,"1802":0,"1803":0,"1804":0,"1808":0,"1810":0,"1811":0,"1813":0,"1814":0,"1816":0,"1817":0,"1818":0,"1821":0,"1823":0,"1825":0,"1828":1,"1829":0,"1831":0,"1834":0,"1835":0,"1836":0,"1838":0,"1839":0,"1842":0,"1845":0,"1846":0,"1849":0,"1851":0,"1852":0,"1854":0,"1855":0,"1857":0,"1858":0,"1859":0,"1860":0,"1862":0,"1863":0,"1866":0,"1869":0,"1871":0,"1873":0,"1875":0,"1880":1,"1881":0,"1900":1,"1901":0,"1904":0,"1905":0,"1906":0,"1907":0,"1908":0,"1909":0,"1910":0,"1912":0,"1913":0,"1914":0,"1915":0,"1920":0,"1921":0,"1924":0,"1925":0,"1927":0,"1928":0,"1929":0,"1930":0,"1931":0,"1932":0,"1933":0,"1936":0,"1940":0,"1941":0,"1945":1,"1946":0,"1947":0,"1949":0,"1951":0,"1952":0,"1954":0,"1955":0,"1956":0,"1959":0,"1960":0,"1963":0,"1970":1,"1971":0,"1972":0,"1974":0,"2068":1,"2070":0,"2071":0,"2073":0,"2076":0,"2077":0,"2078":0,"2079":0,"2083":0,"2084":0,"2085":0,"2086":0,"2089":0,"2090":0,"2093":0,"2094":0,"2095":0,"2097":0,"2100":1,"2102":0,"2103":0,"2104":0,"2109":0,"2113":0,"2114":0,"2116":0,"2119":0,"2120":0,"2121":0,"2122":0,"2124":0,"2125":0,"2126":0,"2127":0,"2132":0,"2135":1,"2138":0,"2139":0,"2141":0,"2144":1,"2145":0,"2146":0,"2147":0,"2149":0,"2150":0,"2152":0,"2153":0,"2155":0,"2158":1,"2160":0,"2161":0,"2162":0,"2167":0,"2171":0,"2173":0,"2174":0,"2175":0,"2178":0,"2179":0,"2180":0,"2181":0,"2185":0,"2187":0,"2188":0,"2191":0,"2195":1,"2196":0,"2197":0,"2199":0,"2201":0,"2202":0,"2203":0,"2204":0,"2206":0,"2215":0,"2216":0,"2217":0,"2218":0,"2219":0,"2223":0,"2227":0,"2230":0,"2231":0,"2232":0,"2233":0,"2234":0,"2238":0,"2239":0,"2240":0,"2241":0,"2243":0,"2253":1,"2256":1,"2257":0,"2258":0,"2259":0,"2267":1,"2268":0,"2269":0,"2270":0,"2271":0,"2272":0,"2273":0,"2274":0,"2275":0,"2276":0,"2277":0,"2278":0,"2282":0,"2283":0,"2285":0,"2291":1,"2292":0,"2296":0,"2297":0,"2299":0,"2301":0,"2302":0,"2305":0,"2309":1,"2311":0,"2312":0,"2314":0,"2315":0,"2316":0,"2318":0,"2319":0,"2320":0,"2322":0,"2325":0,"2326":0,"2330":0,"2331":0,"2332":0,"2376":1,"2378":1,"2379":0,"2381":0,"2382":0,"2383":0,"2384":0,"2385":0,"2387":0,"2388":0,"2389":0,"2393":0,"2394":0,"2395":0,"2396":0,"2397":0,"2398":0,"2402":0,"2409":1,"2411":0,"2413":0,"2415":0,"2416":0,"2418":0,"2422":1,"2423":1,"2425":0,"2427":0,"2428":0,"2430":0,"2440":0,"2442":0,"2443":0,"2445":0,"2446":0,"2448":0,"2486":1,"2487":1,"2488":0,"2489":0,"2490":0,"2491":0,"2495":1,"2496":0,"2497":0,"2498":0,"2499":0,"2500":0,"2501":0,"2502":0,"2503":0,"2504":0,"2505":0,"2508":0,"2511":0,"2514":1,"2515":0,"2518":0,"2519":0,"2520":0,"2521":0,"2523":0,"2526":1,"2527":0,"2528":0,"2529":0,"2530":0,"2533":0,"2534":0,"2535":0,"2536":0,"2537":0,"2538":0,"2540":0,"2543":1,"2544":0,"2545":0,"2547":0,"2548":0,"2550":0,"2551":0,"2553":0,"2554":0,"2556":0,"2559":0,"2560":0,"2561":0,"2563":0,"2566":0,"2567":0,"2568":0,"2569":0,"2572":0,"2573":0,"2575":0,"2576":0,"2577":0,"2580":0,"2581":0,"2582":0,"2583":0,"2584":0,"2588":0,"2589":0,"2591":0,"2592":0,"2594":0,"2595":0,"2596":0,"2598":0,"2599":0,"2600":0,"2601":0,"2602":0,"2607":0,"2608":0,"2610":0,"2611":0,"2612":0,"2614":0,"2616":0,"2621":0,"2622":0,"2623":0,"2624":0,"2625":0,"2626":0,"2627":0,"2629":0,"2632":0,"2633":0,"2634":0,"2635":0,"2636":0,"2637":0,"2641":0,"2642":0,"2643":0,"2644":0,"2646":0,"2647":0,"2649":0,"2653":0,"2654":0,"2655":0,"2658":0,"2659":0,"2661":0,"2662":0,"2665":0,"2666":0,"2671":0,"2672":0,"2676":0,"2677":0,"2678":0,"2679":0,"2680":0,"2683":0,"2686":0,"2687":0,"2691":1,"2692":0,"2704":1,"2705":0,"2706":0,"2707":0,"2708":0,"2710":0,"2711":0,"2713":0,"2714":0,"2716":0,"2717":0,"2722":0,"2723":0,"2725":0,"2726":0,"2727":0,"2730":0,"2731":0,"2732":0,"2733":0,"2734":0,"2737":0,"2740":1,"2741":1,"2742":1,"2743":0,"2746":0,"2749":1,"2750":1,"2751":0,"2752":0,"2753":0,"2754":0,"2756":0,"2759":1,"2760":0,"2762":0,"2763":0,"2764":0,"2766":0,"2769":0,"2779":1,"2780":1,"2781":0,"2782":0,"2784":0,"2785":0,"2786":0,"2787":0,"2788":0,"2789":0,"2790":0,"2791":0,"2793":0,"2795":0,"2796":0,"2798":0,"2799":0,"2800":0,"2801":0,"2802":0,"2803":0,"2806":1,"2807":1,"2809":1,"2811":1,"2812":1,"2813":0,"2814":0,"2815":0,"2817":1,"2818":0,"2819":0,"2822":1,"2823":1,"2824":0,"2825":0,"2828":1,"2829":0,"2830":0,"2831":0,"2832":0,"2833":0,"2834":0,"2836":0,"2837":0,"2838":0,"2840":0,"2841":0,"2843":0,"2844":0,"2847":0,"2848":0,"2852":1,"2853":1,"2858":1,"2866":1,"2868":0,"2869":0,"2872":0,"2873":0,"2874":0,"2875":0,"2876":0,"2877":0,"2878":0,"2879":0,"2880":0,"2881":0,"2882":0,"2887":0,"2888":0,"2889":0,"2890":0,"2891":0,"2892":0,"2896":0,"2899":1,"2900":0,"2901":0,"2902":0,"2903":0,"2906":0,"2907":0,"2908":0,"2911":0,"2912":0,"2913":0,"2916":0,"2917":0,"2918":0,"2919":0,"2924":0,"2926":0,"2928":0,"2932":0,"2933":0,"2936":0,"2937":0,"2939":0,"2940":0,"2942":1,"2943":0,"2944":0,"2945":0,"2947":0,"2949":0,"2952":0,"2953":0,"2955":0,"2956":0,"2958":0,"2959":0,"2960":0,"2961":0,"2962":0,"2964":0,"2965":0,"2967":0,"2971":0,"2972":0,"2974":0,"2976":0,"2978":0,"2979":0,"2983":0,"2984":0,"2987":0,"2996":0,"2997":0,"2998":0,"3000":0,"3001":0,"3005":1,"3007":1,"3008":1,"3012":1,"3013":1,"3014":0,"3016":1,"3017":0,"3018":0,"3020":0,"3021":0,"3023":0,"3026":1,"3027":0,"3030":1,"3032":0,"3033":0,"3034":0,"3035":0,"3037":0,"3039":0,"3040":0,"3041":0,"3043":0,"3049":1,"3050":1,"3054":1,"3055":0,"3057":0,"3059":0,"3062":0,"3064":1,"3065":0,"3066":0,"3067":0,"3068":0,"3071":0,"3072":0,"3073":0,"3077":0,"3079":0,"3080":0,"3084":0,"3086":0,"3087":0,"3089":0,"3090":0,"3091":0,"3095":0,"3100":1,"3103":1,"3104":1,"3105":0,"3106":0,"3107":0,"3108":0,"3111":0,"3113":0,"3116":1,"3117":0,"3118":0,"3120":0,"3121":0,"3123":0,"3124":0,"3125":0,"3126":0,"3129":1,"3131":0,"3133":0,"3136":0,"3137":0,"3138":0,"3139":0,"3140":0,"3141":0,"3146":0,"3147":0,"3149":0,"3150":0,"3155":0,"3156":0,"3158":0,"3159":0,"3161":0,"3162":0,"3163":0,"3164":0,"3165":0,"3166":0,"3169":0,"3170":0,"3172":0,"3173":0,"3175":0,"3176":0,"3177":0,"3180":0,"3185":0,"3188":0,"3189":0,"3190":0,"3192":0,"3194":0,"3199":1,"3200":1,"3201":1,"3202":1,"3204":1,"3206":1,"3209":0,"3212":0,"3213":0,"3216":0,"3218":0,"3220":0,"3222":0,"3223":0,"3224":0,"3226":0,"3229":1,"3230":0,"3231":0,"3232":0,"3233":0,"3234":0,"3241":1,"3242":1,"3243":1,"3244":1,"3245":1,"3246":0,"3247":0,"3248":0,"3249":0,"3251":1,"3252":0,"3253":0,"3257":0,"3258":0,"3261":1,"3264":1,"3265":1,"3266":1,"3268":1,"3269":0,"3271":0,"3276":1,"3277":0,"3278":0,"3280":0,"3282":0,"3283":0,"3285":0,"3288":0,"3289":0,"3290":0,"3291":0,"3292":0,"3294":0,"3295":0,"3298":0,"3299":0,"3300":0,"3301":0,"3304":0,"3306":0,"3308":0,"3312":0,"3313":0,"3315":0,"3319":0,"3320":0,"3321":0,"3323":0,"3324":0,"3325":0,"3326":0,"3327":0,"3328":0,"3329":0,"3331":0,"3334":0,"3339":0,"3340":0,"3344":1,"3345":0,"3346":0,"3348":0,"3349":0,"3350":0,"3356":0,"3360":1,"3362":0,"3363":0,"3364":0,"3365":0,"3368":0,"3369":0,"3370":0,"3371":0,"3373":0,"3374":0,"3375":0,"3379":0,"3380":0,"3381":0,"3382":0,"3383":0,"3386":0,"3388":0,"3389":0,"3394":0,"3395":0,"3400":1,"3401":0,"3402":0,"3404":0,"3408":0,"3409":0,"3411":0,"3413":0,"3414":0,"3420":0,"3421":0,"3423":0,"3425":0,"3426":0,"3428":0,"3429":0,"3435":0,"3436":0,"3438":0,"3440":0,"3441":0,"3446":0,"3447":0,"3452":1,"3453":0,"3456":0,"3457":0,"3459":0,"3461":0,"3462":0,"3464":0,"3465":0,"3467":0,"3468":0,"3469":0,"3470":0,"3473":0,"3474":0,"3476":0,"3480":0,"3481":0,"3482":0,"3485":0,"3486":0,"3487":0,"3490":0,"3491":0,"3494":0,"3495":0,"3500":0,"3501":0,"3503":0,"3504":0,"3505":0,"3506":0,"3507":0,"3508":0,"3509":0,"3510":0,"3513":0,"3514":0,"3515":0,"3520":0,"3521":0,"3523":0,"3524":0,"3526":0,"3528":0,"3532":0,"3533":0,"3534":0,"3535":0,"3536":0,"3537":0,"3538":0,"3542":0,"3545":0,"3546":0,"3548":0,"3550":0,"3553":0,"3554":0,"3555":0,"3556":0,"3559":0,"3561":0,"3562":0,"3563":0,"3566":0,"3567":0,"3569":0,"3570":0,"3571":0,"3573":0,"3574":0,"3575":0,"3578":0,"3579":0,"3582":0,"3583":0,"3584":0,"3586":0,"3587":0,"3592":0,"3595":0,"3596":0,"3597":0,"3598":0,"3602":0,"3603":0,"3604":0,"3606":0,"3608":0,"3609":0,"3610":0,"3612":0,"3614":0,"3615":0,"3617":0,"3618":0,"3621":0,"3622":0,"3623":0,"3624":0,"3625":0,"3628":0,"3629":0,"3630":0,"3631":0,"3632":0,"3633":0,"3634":0,"3637":0,"3639":0,"3640":0,"3642":0,"3643":0,"3645":0,"3646":0,"3648":0,"3649":0,"3650":0,"3652":0,"3653":0,"3656":0,"3659":0,"3660":0,"3664":1,"3667":1,"3669":1,"3670":1,"3671":0,"3672":0,"3678":1,"3681":1,"3683":1,"3685":1,"3686":0,"3687":0,"3689":0,"3690":0,"3691":0,"3692":0,"3695":0,"3698":1,"3699":0,"3702":0,"3703":0,"3706":0,"3707":0,"3710":1,"3711":0,"3712":0,"3715":0,"3716":0,"3717":0,"3718":0,"3719":0,"3723":0,"3725":0,"3726":0,"3729":0,"3730":0,"3733":0,"3734":0,"3737":0,"3738":0,"3740":0,"3746":0,"3748":0,"3751":0,"3752":0,"3753":0,"3755":0,"3756":0,"3758":0,"3761":0,"3767":1,"3768":1,"3770":1,"3771":0,"3772":0,"3773":0,"3774":0,"3775":0,"3777":0,"3778":0,"3779":0,"3782":1,"3783":0,"3784":0,"3785":0,"3787":0,"3789":0,"3790":0,"3791":0,"3793":0,"3794":0,"3795":0,"3797":0,"3798":0,"3800":0,"3801":0,"3803":0,"3804":0,"3806":0,"3807":0,"3809":0,"3810":0,"3811":0,"3812":0,"3815":0,"3816":0,"3820":0,"3825":1,"3828":1,"3829":0,"3831":1,"3832":0,"3833":0,"3834":0,"3835":0,"3837":0,"3840":1,"3841":0,"3842":0,"3845":0,"3846":0,"3851":1,"3852":1,"3855":1,"3856":1,"3859":1,"3862":1,"3865":1,"3891":1,"3893":1,"3896":1,"3898":1,"3901":1,"3904":1,"3905":1,"3906":1,"3907":1,"3917":1,"3919":1,"3922":1,"3924":1,"3925":0,"3926":0,"3930":1,"3932":1,"3934":1,"3935":1,"3937":1,"3939":1,"3940":0,"3942":0,"3946":1,"3948":1,"3949":13,"3950":13,"3952":0,"3954":0,"3955":0,"3957":0,"3963":0,"3966":0,"3974":1,"3975":2,"3977":1,"3978":0,"3979":0,"3981":1,"3982":0,"3983":0,"3985":1,"3986":0,"3987":0,"3989":1,"3990":2,"3991":2,"3993":1,"3994":3,"3996":1,"3999":1,"4000":0,"4001":0,"4002":0,"4005":1,"4006":0,"4007":0,"4008":0,"4011":1,"4013":1,"4016":1,"4017":0,"4019":1,"4020":1}}}